2024-10-06 14:56:28,976 - INFO - Connected to https://anitsayac.com/
2024-10-06 14:56:43,655 - INFO - Scraped all individuals listed in the website. Total: 4937
2024-10-06 14:56:49,895 - INFO - Connected to scrape Bedriye Işık details. RIP...
2024-10-06 14:56:51,999 - INFO - Successfully scraped Bedriye Işık details. RIP...
2024-10-06 14:56:59,944 - INFO - Connected to scrape Sonay Öztürk Aslan details. RIP...
2024-10-06 14:57:02,061 - INFO - Successfully scraped Sonay Öztürk Aslan details. RIP...
2024-10-06 14:57:10,084 - INFO - Connected to scrape Ayşenur Halil details. RIP...
2024-10-06 14:57:12,206 - INFO - Successfully scraped Ayşenur Halil details. RIP...
2024-10-06 14:57:20,205 - INFO - Connected to scrape İkbal Uzuner details. RIP...
2024-10-06 14:57:22,329 - INFO - Successfully scraped İkbal Uzuner details. RIP...
2024-10-06 14:57:29,670 - INFO - Connected to scrape Zehra Gün details. RIP...
2024-10-06 14:57:32,343 - INFO - Successfully scraped Zehra Gün details. RIP...
2024-10-06 14:57:40,837 - INFO - Connected to scrape Gülfer Öter details. RIP...
2024-10-06 14:57:42,948 - INFO - Successfully scraped Gülfer Öter details. RIP...
2024-10-06 14:57:51,143 - INFO - Connected to scrape Sibel Aygan details. RIP...
2024-10-06 14:57:53,260 - INFO - Successfully scraped Sibel Aygan details. RIP...
2024-10-06 14:58:00,839 - INFO - Connected to scrape Hazal Gencer details. RIP...
2024-10-06 14:58:02,966 - INFO - Successfully scraped Hazal Gencer details. RIP...
2024-10-06 14:58:10,978 - INFO - Connected to scrape Özge Hançer Girgiç details. RIP...
2024-10-06 14:58:13,080 - INFO - Successfully scraped Özge Hançer Girgiç details. RIP...
2024-10-06 14:58:22,021 - INFO - Connected to scrape Esin Karabıyık details. RIP...
2024-10-06 14:58:24,215 - INFO - Successfully scraped Esin Karabıyık details. RIP...
2024-10-06 14:58:32,287 - INFO - Connected to scrape Devrim Emir details. RIP...
2024-10-06 14:58:34,416 - INFO - Successfully scraped Devrim Emir details. RIP...
2024-10-06 14:58:42,537 - INFO - Connected to scrape Ebru Öcal details. RIP...
2024-10-06 14:58:44,654 - INFO - Successfully scraped Ebru Öcal details. RIP...
2024-10-06 14:58:52,957 - INFO - Connected to scrape Selda Eller details. RIP...
2024-10-06 14:58:55,062 - INFO - Successfully scraped Selda Eller details. RIP...
2024-10-06 14:59:03,282 - INFO - Connected to scrape Ruhan Akkaya details. RIP...
2024-10-06 14:59:05,386 - INFO - Successfully scraped Ruhan Akkaya details. RIP...
2024-10-06 14:59:13,342 - INFO - Connected to scrape Fadimana Ok details. RIP...
2024-10-06 14:59:15,476 - INFO - Successfully scraped Fadimana Ok details. RIP...
2024-10-06 14:59:22,857 - INFO - Connected to scrape İsmi Bilinmiyor details. RIP...
2024-10-06 14:59:25,519 - INFO - Successfully scraped İsmi Bilinmiyor details. RIP...
2024-10-06 14:59:33,996 - INFO - Connected to scrape Aysel Yıldız details. RIP...
2024-10-06 14:59:36,132 - INFO - Successfully scraped Aysel Yıldız details. RIP...
2024-10-06 14:59:43,532 - INFO - Connected to scrape Zebiniso Dayıyavora details. RIP...
2024-10-06 14:59:45,631 - INFO - Successfully scraped Zebiniso Dayıyavora details. RIP...
2024-10-06 14:59:53,278 - INFO - Connected to scrape Döne Bozdemir details. RIP...
2024-10-06 14:59:55,387 - INFO - Successfully scraped Döne Bozdemir details. RIP...
