2024-10-06 15:09:21,220 - INFO - Connected to https://anitsayac.com/
2024-10-06 15:09:35,505 - INFO - Scraped all individuals listed in the website. Total: 4937
2024-10-06 15:09:37,543 - INFO - Connected to scrape Bedriye Işık details. RIP...
2024-10-06 15:09:39,649 - INFO - Successfully scraped Bedriye Işık details. RIP...
2024-10-06 15:09:55,404 - INFO - Connected to scrape Sonay Öztürk Aslan details. RIP...
2024-10-06 15:09:57,512 - INFO - Successfully scraped Sonay Öztürk Aslan details. RIP...
2024-10-06 15:10:35,884 - INFO - Connected to scrape Ayşenur Halil details. RIP...
2024-10-06 15:10:37,984 - INFO - Successfully scraped Ayşenur Halil details. RIP...
2024-10-06 15:10:53,410 - INFO - Connected to scrape İkbal Uzuner details. RIP...
2024-10-06 15:10:55,518 - INFO - Successfully scraped İkbal Uzuner details. RIP...
2024-10-06 15:11:04,231 - INFO - Connected to scrape Zehra Gün details. RIP...
2024-10-06 15:11:06,340 - INFO - Successfully scraped Zehra Gün details. RIP...
2024-10-06 15:11:12,594 - INFO - Connected to scrape Gülfer Öter details. RIP...
2024-10-06 15:11:14,679 - INFO - Successfully scraped Gülfer Öter details. RIP...
2024-10-06 15:11:21,004 - INFO - Connected to scrape Sibel Aygan details. RIP...
2024-10-06 15:11:23,095 - INFO - Successfully scraped Sibel Aygan details. RIP...
2024-10-06 15:11:30,299 - INFO - Connected to scrape Hazal Gencer details. RIP...
2024-10-06 15:11:32,398 - INFO - Successfully scraped Hazal Gencer details. RIP...
2024-10-06 15:11:38,418 - INFO - Connected to scrape Özge Hançer Girgiç details. RIP...
2024-10-06 15:11:40,505 - INFO - Successfully scraped Özge Hançer Girgiç details. RIP...
2024-10-06 15:11:49,765 - INFO - Connected to scrape Esin Karabıyık details. RIP...
2024-10-06 15:11:51,872 - INFO - Successfully scraped Esin Karabıyık details. RIP...
2024-10-06 15:11:57,895 - INFO - Connected to scrape Devrim Emir details. RIP...
2024-10-06 15:11:59,981 - INFO - Successfully scraped Devrim Emir details. RIP...
2024-10-06 15:12:06,046 - INFO - Connected to scrape Ebru Öcal details. RIP...
2024-10-06 15:12:08,162 - INFO - Successfully scraped Ebru Öcal details. RIP...
2024-10-06 15:12:14,324 - INFO - Connected to scrape Selda Eller details. RIP...
2024-10-06 15:12:16,407 - INFO - Successfully scraped Selda Eller details. RIP...
2024-10-06 15:12:22,706 - INFO - Connected to scrape Ruhan Akkaya details. RIP...
2024-10-06 15:12:24,793 - INFO - Successfully scraped Ruhan Akkaya details. RIP...
2024-10-06 15:12:35,837 - INFO - Connected to scrape Fadimana Ok details. RIP...
2024-10-06 15:12:37,935 - INFO - Successfully scraped Fadimana Ok details. RIP...
2024-10-06 15:12:54,663 - INFO - Connected to scrape İsmi Bilinmiyor details. RIP...
2024-10-06 15:12:56,768 - INFO - Successfully scraped İsmi Bilinmiyor details. RIP...
2024-10-06 15:13:02,792 - INFO - Connected to scrape Aysel Yıldız details. RIP...
2024-10-06 15:13:04,898 - INFO - Successfully scraped Aysel Yıldız details. RIP...
2024-10-06 15:13:10,328 - INFO - Connected to scrape Zebiniso Dayıyavora details. RIP...
2024-10-06 15:13:12,422 - INFO - Successfully scraped Zebiniso Dayıyavora details. RIP...
2024-10-06 15:13:18,526 - INFO - Connected to scrape Döne Bozdemir details. RIP...
2024-10-06 15:13:20,622 - INFO - Successfully scraped Döne Bozdemir details. RIP...
2024-10-06 15:13:26,760 - INFO - Connected to scrape Çiğdem Eskidemirci details. RIP...
2024-10-06 15:13:28,851 - INFO - Successfully scraped Çiğdem Eskidemirci details. RIP...
2024-10-06 15:13:57,024 - INFO - Connected to scrape Fadim Temirhanoğulları details. RIP...
2024-10-06 15:13:59,142 - INFO - Successfully scraped Fadim Temirhanoğulları details. RIP...
2024-10-06 15:14:05,230 - INFO - Connected to scrape Maıa A. details. RIP...
2024-10-06 15:14:07,343 - INFO - Successfully scraped Maıa A. details. RIP...
2024-10-06 15:14:13,398 - INFO - Connected to scrape Elif Ceren Arslan details. RIP...
2024-10-06 15:14:15,495 - INFO - Successfully scraped Elif Ceren Arslan details. RIP...
2024-10-06 15:14:21,733 - INFO - Connected to scrape Hamiyet Çetin Görmezer details. RIP...
2024-10-06 15:14:23,840 - INFO - Successfully scraped Hamiyet Çetin Görmezer details. RIP...
2024-10-06 15:14:30,461 - INFO - Connected to scrape Narin Güran details. RIP...
2024-10-06 15:14:32,558 - INFO - Successfully scraped Narin Güran details. RIP...
2024-10-06 15:14:38,877 - INFO - Connected to scrape Feriye Gözüala details. RIP...
2024-10-06 15:14:41,019 - INFO - Successfully scraped Feriye Gözüala details. RIP...
2024-10-06 15:14:47,190 - INFO - Connected to scrape Hatice Gül details. RIP...
2024-10-06 15:14:49,291 - INFO - Successfully scraped Hatice Gül details. RIP...
2024-10-06 15:14:55,464 - INFO - Connected to scrape Gülizar Çolak details. RIP...
2024-10-06 15:14:57,566 - INFO - Successfully scraped Gülizar Çolak details. RIP...
2024-10-06 15:15:07,121 - INFO - Connected to scrape Tuğba Koç details. RIP...
2024-10-06 15:15:09,214 - INFO - Successfully scraped Tuğba Koç details. RIP...
2024-10-06 15:15:22,444 - INFO - Connected to scrape Ayşe Dürüst details. RIP...
2024-10-06 15:15:24,546 - INFO - Successfully scraped Ayşe Dürüst details. RIP...
2024-10-06 15:15:42,145 - INFO - Connected to scrape Ebru Duvar details. RIP...
2024-10-06 15:15:44,306 - INFO - Successfully scraped Ebru Duvar details. RIP...
2024-10-06 15:15:50,551 - INFO - Connected to scrape Emine Sezer details. RIP...
2024-10-06 15:15:52,660 - INFO - Successfully scraped Emine Sezer details. RIP...
2024-10-06 15:15:58,963 - INFO - Connected to scrape Cemre Şİmşek details. RIP...
2024-10-06 15:16:01,059 - INFO - Successfully scraped Cemre Şİmşek details. RIP...
2024-10-06 15:16:07,298 - INFO - Connected to scrape Nira Şimşek details. RIP...
2024-10-06 15:16:09,385 - INFO - Successfully scraped Nira Şimşek details. RIP...
2024-10-06 15:16:15,811 - INFO - Connected to scrape Ceylin Şimşek details. RIP...
2024-10-06 15:16:17,905 - INFO - Successfully scraped Ceylin Şimşek details. RIP...
2024-10-06 15:16:43,574 - INFO - Connected to scrape Senem Kıvrık details. RIP...
2024-10-06 15:16:45,704 - INFO - Successfully scraped Senem Kıvrık details. RIP...
2024-10-06 15:17:00,168 - INFO - Connected to scrape Derya Demir details. RIP...
2024-10-06 15:17:02,266 - INFO - Successfully scraped Derya Demir details. RIP...
2024-10-06 15:17:08,381 - INFO - Connected to scrape Eylem Sevilen details. RIP...
2024-10-06 15:17:10,481 - INFO - Successfully scraped Eylem Sevilen details. RIP...
2024-10-06 15:17:16,521 - INFO - Connected to scrape Elif Dim details. RIP...
2024-10-06 15:17:18,610 - INFO - Successfully scraped Elif Dim details. RIP...
2024-10-06 15:17:25,074 - INFO - Connected to scrape Gülizar Çolak details. RIP...
2024-10-06 15:17:27,171 - INFO - Successfully scraped Gülizar Çolak details. RIP...
2024-10-06 15:17:33,093 - INFO - Connected to scrape Gülizar Altuntaş details. RIP...
2024-10-06 15:17:35,197 - INFO - Successfully scraped Gülizar Altuntaş details. RIP...
2024-10-06 15:17:52,774 - INFO - Connected to scrape Elif Durmaz details. RIP...
2024-10-06 15:17:54,861 - INFO - Successfully scraped Elif Durmaz details. RIP...
2024-10-06 15:18:02,498 - INFO - Connected to scrape A.Ö. details. RIP...
2024-10-06 15:18:04,595 - INFO - Successfully scraped A.Ö. details. RIP...
2024-10-06 15:18:10,439 - INFO - Connected to scrape Nuhbe Yılmaz details. RIP...
2024-10-06 15:18:12,547 - INFO - Successfully scraped Nuhbe Yılmaz details. RIP...
2024-10-06 15:18:18,669 - INFO - Connected to scrape Sezen Sarısaray details. RIP...
2024-10-06 15:18:20,767 - INFO - Successfully scraped Sezen Sarısaray details. RIP...
2024-10-06 15:18:26,729 - INFO - Connected to scrape Duru Pakarda details. RIP...
2024-10-06 15:18:28,822 - INFO - Successfully scraped Duru Pakarda details. RIP...
2024-10-06 15:18:34,754 - INFO - Connected to scrape Öznur Akkaya details. RIP...
2024-10-06 15:18:36,850 - INFO - Successfully scraped Öznur Akkaya details. RIP...
2024-10-06 15:18:42,308 - INFO - Connected to scrape Zülbiye Bahadır details. RIP...
2024-10-06 15:18:45,105 - INFO - Successfully scraped Zülbiye Bahadır details. RIP...
2024-10-06 15:18:51,300 - INFO - Connected to scrape Sinem Çinğiloğlu details. RIP...
2024-10-06 15:18:53,409 - INFO - Successfully scraped Sinem Çinğiloğlu details. RIP...
2024-10-06 15:18:59,494 - INFO - Connected to scrape Kıymet Çetinkaya details. RIP...
2024-10-06 15:19:01,598 - INFO - Successfully scraped Kıymet Çetinkaya details. RIP...
2024-10-06 15:19:07,779 - INFO - Connected to scrape Sedef Çınar details. RIP...
2024-10-06 15:19:09,883 - INFO - Successfully scraped Sedef Çınar details. RIP...
2024-10-06 15:19:16,207 - INFO - Connected to scrape Serpil Gül details. RIP...
2024-10-06 15:19:18,312 - INFO - Successfully scraped Serpil Gül details. RIP...
2024-10-06 15:19:24,235 - INFO - Connected to scrape Hilmiye Tuğba Esgin details. RIP...
2024-10-06 15:19:26,359 - INFO - Successfully scraped Hilmiye Tuğba Esgin details. RIP...
2024-10-06 15:19:32,226 - INFO - Connected to scrape Vesile Akgün details. RIP...
2024-10-06 15:19:34,311 - INFO - Successfully scraped Vesile Akgün details. RIP...
2024-10-06 15:19:40,002 - INFO - Connected to scrape Arife Öz details. RIP...
2024-10-06 15:19:42,113 - INFO - Successfully scraped Arife Öz details. RIP...
2024-10-06 15:19:48,048 - INFO - Connected to scrape Fatma Demir details. RIP...
2024-10-06 15:19:50,177 - INFO - Successfully scraped Fatma Demir details. RIP...
2024-10-06 15:19:56,069 - INFO - Connected to scrape Sultan Tosun details. RIP...
2024-10-06 15:19:58,168 - INFO - Successfully scraped Sultan Tosun details. RIP...
2024-10-06 15:20:03,610 - INFO - Connected to scrape S.K. details. RIP...
2024-10-06 15:20:05,752 - INFO - Successfully scraped S.K. details. RIP...
2024-10-06 15:20:11,231 - INFO - Connected to scrape Leyla Çetiner details. RIP...
2024-10-06 15:20:13,324 - INFO - Successfully scraped Leyla Çetiner details. RIP...
2024-10-06 15:20:18,782 - INFO - Connected to scrape Müge Elbeli details. RIP...
2024-10-06 15:20:20,881 - INFO - Successfully scraped Müge Elbeli details. RIP...
2024-10-06 15:20:26,364 - INFO - Connected to scrape Aynur Çilli details. RIP...
2024-10-06 15:20:28,440 - INFO - Successfully scraped Aynur Çilli details. RIP...
2024-10-06 15:20:34,700 - INFO - Connected to scrape Hanife Y. details. RIP...
2024-10-06 15:20:36,808 - INFO - Successfully scraped Hanife Y. details. RIP...
2024-10-06 15:20:42,816 - INFO - Connected to scrape Nuray Dabaz details. RIP...
2024-10-06 15:20:44,940 - INFO - Successfully scraped Nuray Dabaz details. RIP...
2024-10-06 15:20:50,992 - INFO - Connected to scrape Gülhan Baytok details. RIP...
2024-10-06 15:20:53,078 - INFO - Successfully scraped Gülhan Baytok details. RIP...
2024-10-06 15:20:59,343 - INFO - Connected to scrape Sözen Tutci details. RIP...
2024-10-06 15:21:01,452 - INFO - Successfully scraped Sözen Tutci details. RIP...
2024-10-06 15:21:07,545 - INFO - Connected to scrape Nurten Yapıcıoğlu details. RIP...
2024-10-06 15:21:09,640 - INFO - Successfully scraped Nurten Yapıcıoğlu details. RIP...
2024-10-06 15:21:15,998 - INFO - Connected to scrape Cansu Tarak details. RIP...
2024-10-06 15:21:18,120 - INFO - Successfully scraped Cansu Tarak details. RIP...
2024-10-06 15:21:24,831 - INFO - Connected to scrape Fatma Ö. details. RIP...
2024-10-06 15:21:26,942 - INFO - Successfully scraped Fatma Ö. details. RIP...
2024-10-06 15:21:33,219 - INFO - Connected to scrape Elif Avcı details. RIP...
2024-10-06 15:21:35,306 - INFO - Successfully scraped Elif Avcı details. RIP...
2024-10-06 15:21:41,359 - INFO - Connected to scrape Saliha K. details. RIP...
2024-10-06 15:21:43,451 - INFO - Successfully scraped Saliha K. details. RIP...
2024-10-06 15:21:49,596 - INFO - Connected to scrape Esma Biçer details. RIP...
2024-10-06 15:21:51,712 - INFO - Successfully scraped Esma Biçer details. RIP...
2024-10-06 15:21:57,819 - INFO - Connected to scrape Erva Raziye Asar details. RIP...
2024-10-06 15:21:59,919 - INFO - Successfully scraped Erva Raziye Asar details. RIP...
2024-10-06 15:22:06,575 - INFO - Connected to scrape Merve K. details. RIP...
2024-10-06 15:22:08,688 - INFO - Successfully scraped Merve K. details. RIP...
2024-10-06 15:22:15,439 - INFO - Connected to scrape Seher İşler details. RIP...
2024-10-06 15:22:17,546 - INFO - Successfully scraped Seher İşler details. RIP...
2024-10-06 15:22:23,539 - INFO - Connected to scrape Songül Budak details. RIP...
2024-10-06 15:22:25,639 - INFO - Successfully scraped Songül Budak details. RIP...
2024-10-06 15:22:31,627 - INFO - Connected to scrape Cansu Aslan details. RIP...
2024-10-06 15:22:33,718 - INFO - Successfully scraped Cansu Aslan details. RIP...
2024-10-06 15:22:39,457 - INFO - Connected to scrape Rukiye Yıldırım details. RIP...
2024-10-06 15:22:41,563 - INFO - Successfully scraped Rukiye Yıldırım details. RIP...
2024-10-06 15:22:47,982 - INFO - Connected to scrape Safiye Bıçak details. RIP...
2024-10-06 15:22:50,078 - INFO - Successfully scraped Safiye Bıçak details. RIP...
2024-10-06 15:22:56,313 - INFO - Connected to scrape Doğa Keklik details. RIP...
2024-10-06 15:22:58,423 - INFO - Successfully scraped Doğa Keklik details. RIP...
2024-10-06 15:23:03,858 - INFO - Connected to scrape İklim Altınsoy details. RIP...
2024-10-06 15:23:05,957 - INFO - Successfully scraped İklim Altınsoy details. RIP...
2024-10-06 15:23:11,659 - INFO - Connected to scrape Pera Balabıyık details. RIP...
2024-10-06 15:23:13,757 - INFO - Successfully scraped Pera Balabıyık details. RIP...
2024-10-06 15:23:19,361 - INFO - Connected to scrape Sevgi Koçer details. RIP...
2024-10-06 15:23:21,461 - INFO - Successfully scraped Sevgi Koçer details. RIP...
2024-10-06 15:23:27,275 - INFO - Connected to scrape Yüsra Binnaz Çimtay details. RIP...
2024-10-06 15:23:29,377 - INFO - Successfully scraped Yüsra Binnaz Çimtay details. RIP...
2024-10-06 15:23:35,309 - INFO - Connected to scrape Hatice Usalan details. RIP...
2024-10-06 15:23:37,421 - INFO - Successfully scraped Hatice Usalan details. RIP...
2024-10-06 15:23:43,765 - INFO - Connected to scrape Hatice Çelik details. RIP...
2024-10-06 15:23:45,859 - INFO - Successfully scraped Hatice Çelik details. RIP...
2024-10-06 15:23:46,675 - WARNING - Error sending stats to Plausible: error sending request for url (https://plausible.io/api/event)
2024-10-06 15:23:52,553 - INFO - Connected to scrape Selen Akpolat details. RIP...
2024-10-06 15:23:54,645 - INFO - Successfully scraped Selen Akpolat details. RIP...
2024-10-06 15:24:00,529 - INFO - Connected to scrape Nurcan Tekdemir details. RIP...
2024-10-06 15:24:02,636 - INFO - Successfully scraped Nurcan Tekdemir details. RIP...
2024-10-06 15:24:08,929 - INFO - Connected to scrape Ümmü Döğer details. RIP...
2024-10-06 15:24:11,041 - INFO - Successfully scraped Ümmü Döğer details. RIP...
2024-10-06 15:24:17,051 - INFO - Connected to scrape Semiha Türk details. RIP...
2024-10-06 15:24:19,146 - INFO - Successfully scraped Semiha Türk details. RIP...
2024-10-06 15:24:25,261 - INFO - Connected to scrape Gizem Nazife Türk details. RIP...
2024-10-06 15:24:27,361 - INFO - Successfully scraped Gizem Nazife Türk details. RIP...
2024-10-06 15:24:33,173 - INFO - Connected to scrape Hilal Kar details. RIP...
2024-10-06 15:24:35,275 - INFO - Successfully scraped Hilal Kar details. RIP...
2024-10-06 15:24:41,232 - INFO - Connected to scrape Fatma Kahraman details. RIP...
2024-10-06 15:24:43,334 - INFO - Successfully scraped Fatma Kahraman details. RIP...
2024-10-06 15:24:49,415 - INFO - Connected to scrape Gülsüm Mertoğlu details. RIP...
2024-10-06 15:24:51,515 - INFO - Successfully scraped Gülsüm Mertoğlu details. RIP...
2024-10-06 15:24:57,755 - INFO - Connected to scrape Şükran Eba details. RIP...
2024-10-06 15:24:59,862 - INFO - Successfully scraped Şükran Eba details. RIP...
2024-10-06 15:25:07,418 - INFO - Connected to scrape Leyla Erat details. RIP...
2024-10-06 15:25:09,503 - INFO - Successfully scraped Leyla Erat details. RIP...
2024-10-06 15:25:15,543 - INFO - Connected to scrape Fatma Nur Bezen details. RIP...
2024-10-06 15:25:17,628 - INFO - Successfully scraped Fatma Nur Bezen details. RIP...
2024-10-06 15:25:23,785 - INFO - Connected to scrape Seher Aktekin details. RIP...
2024-10-06 15:25:25,896 - INFO - Successfully scraped Seher Aktekin details. RIP...
2024-10-06 15:25:31,892 - INFO - Connected to scrape Aylin Ekşi details. RIP...
2024-10-06 15:25:33,982 - INFO - Successfully scraped Aylin Ekşi details. RIP...
2024-10-06 15:25:40,265 - INFO - Connected to scrape Merve Şahin details. RIP...
2024-10-06 15:25:42,375 - INFO - Successfully scraped Merve Şahin details. RIP...
2024-10-06 15:25:48,488 - INFO - Connected to scrape Hacer Çağla Çetinalp details. RIP...
2024-10-06 15:25:50,592 - INFO - Successfully scraped Hacer Çağla Çetinalp details. RIP...
2024-10-06 15:25:56,531 - INFO - Connected to scrape Victoria Vera Blyth details. RIP...
2024-10-06 15:25:58,635 - INFO - Successfully scraped Victoria Vera Blyth details. RIP...
2024-10-06 15:26:04,712 - INFO - Connected to scrape Merve Karabaş details. RIP...
2024-10-06 15:26:06,806 - INFO - Successfully scraped Merve Karabaş details. RIP...
2024-10-06 15:26:12,791 - INFO - Connected to scrape Semiha Koca details. RIP...
2024-10-06 15:26:14,905 - INFO - Successfully scraped Semiha Koca details. RIP...
2024-10-06 15:26:20,870 - INFO - Connected to scrape Hilal Nur Koca details. RIP...
2024-10-06 15:26:22,972 - INFO - Successfully scraped Hilal Nur Koca details. RIP...
2024-10-06 15:26:28,961 - INFO - Connected to scrape Lale Polat details. RIP...
2024-10-06 15:26:31,055 - INFO - Successfully scraped Lale Polat details. RIP...
2024-10-06 15:26:37,063 - INFO - Connected to scrape Gülşen Çalışkan details. RIP...
2024-10-06 15:26:39,157 - INFO - Successfully scraped Gülşen Çalışkan details. RIP...
2024-10-06 15:26:46,745 - INFO - Connected to scrape Sedef Güler details. RIP...
2024-10-06 15:26:48,863 - INFO - Successfully scraped Sedef Güler details. RIP...
2024-10-06 15:26:54,768 - INFO - Connected to scrape Saniye Arslan details. RIP...
2024-10-06 15:26:56,869 - INFO - Successfully scraped Saniye Arslan details. RIP...
2024-10-06 15:27:02,511 - INFO - Connected to scrape Hediye Kocatürk details. RIP...
2024-10-06 15:27:04,611 - INFO - Successfully scraped Hediye Kocatürk details. RIP...
2024-10-06 15:27:10,727 - INFO - Connected to scrape Nur El Süleyman details. RIP...
2024-10-06 15:27:12,862 - INFO - Successfully scraped Nur El Süleyman details. RIP...
2024-10-06 15:27:19,094 - INFO - Connected to scrape Esma Şimşek details. RIP...
2024-10-06 15:27:21,213 - INFO - Successfully scraped Esma Şimşek details. RIP...
2024-10-06 15:27:27,235 - INFO - Connected to scrape Şule Özlem Ural details. RIP...
2024-10-06 15:27:29,362 - INFO - Successfully scraped Şule Özlem Ural details. RIP...
2024-10-06 15:27:35,974 - INFO - Connected to scrape Serap Doğan details. RIP...
2024-10-06 15:27:38,095 - INFO - Successfully scraped Serap Doğan details. RIP...
2024-10-06 15:27:44,160 - INFO - Connected to scrape Zeynep Kılıç details. RIP...
2024-10-06 15:27:46,261 - INFO - Successfully scraped Zeynep Kılıç details. RIP...
2024-10-06 15:27:51,743 - INFO - Connected to scrape Aslı Kılıç details. RIP...
2024-10-06 15:27:54,545 - INFO - Successfully scraped Aslı Kılıç details. RIP...
2024-10-06 15:28:00,534 - INFO - Connected to scrape Sevilay Yılmaz details. RIP...
2024-10-06 15:28:02,637 - INFO - Successfully scraped Sevilay Yılmaz details. RIP...
2024-10-06 15:28:08,613 - INFO - Connected to scrape İsmi Bilinmiyor details. RIP...
2024-10-06 15:28:10,702 - INFO - Successfully scraped İsmi Bilinmiyor details. RIP...
2024-10-06 15:28:16,652 - INFO - Connected to scrape Ceylan Demir details. RIP...
2024-10-06 15:28:18,787 - INFO - Successfully scraped Ceylan Demir details. RIP...
2024-10-06 15:28:24,718 - INFO - Connected to scrape Zahra Nojioua details. RIP...
2024-10-06 15:28:26,824 - INFO - Successfully scraped Zahra Nojioua details. RIP...
2024-10-06 15:28:33,497 - INFO - Connected to scrape Nagihan Can details. RIP...
2024-10-06 15:28:35,593 - INFO - Successfully scraped Nagihan Can details. RIP...
2024-10-06 15:28:41,645 - INFO - Connected to scrape Fatma Can details. RIP...
2024-10-06 15:28:43,771 - INFO - Successfully scraped Fatma Can details. RIP...
2024-10-06 15:28:49,758 - INFO - Connected to scrape Kader Yıldırım details. RIP...
2024-10-06 15:28:51,854 - INFO - Successfully scraped Kader Yıldırım details. RIP...
2024-10-06 15:28:59,167 - INFO - Connected to scrape Cennet Akdağlı details. RIP...
2024-10-06 15:29:01,295 - INFO - Successfully scraped Cennet Akdağlı details. RIP...
2024-10-06 15:29:07,396 - INFO - Connected to scrape Zinnetnur Ayar details. RIP...
2024-10-06 15:29:09,503 - INFO - Successfully scraped Zinnetnur Ayar details. RIP...
2024-10-06 15:29:15,985 - INFO - Connected to scrape Hangül Ciğerli details. RIP...
2024-10-06 15:29:18,087 - INFO - Successfully scraped Hangül Ciğerli details. RIP...
2024-10-06 15:29:23,934 - INFO - Connected to scrape Şadiye Özerli details. RIP...
2024-10-06 15:29:26,044 - INFO - Successfully scraped Şadiye Özerli details. RIP...
2024-10-06 15:29:26,049 - ERROR - An error occurred: Message: stale element reference: stale element not found
  (Session info: chrome=129.0.6668.90); For documentation on this error, please visit: https://www.selenium.dev/documentation/webdriver/troubleshooting/errors#stale-element-reference-exception
Stacktrace:
	GetHandleVerifier [0x00007FF75822B645+29573]
	(No symbol) [0x00007FF7581A0470]
	(No symbol) [0x00007FF75805B6EA]
	(No symbol) [0x00007FF75806E1BB]
	(No symbol) [0x00007FF758062F14]
	(No symbol) [0x00007FF758060D94]
	(No symbol) [0x00007FF758064637]
	(No symbol) [0x00007FF7580646F0]
	(No symbol) [0x00007FF7580AF38F]
	(No symbol) [0x00007FF7580AFA6C]
	(No symbol) [0x00007FF7580A312C]
	(No symbol) [0x00007FF7580D733F]
	(No symbol) [0x00007FF7580A2FF6]
	(No symbol) [0x00007FF7580D7510]
	(No symbol) [0x00007FF7580F86BC]
	(No symbol) [0x00007FF7580D70A3]
	(No symbol) [0x00007FF7580A12DF]
	(No symbol) [0x00007FF7580A2441]
	GetHandleVerifier [0x00007FF75855C58D+3375821]
	GetHandleVerifier [0x00007FF7585A7987+3684039]
	GetHandleVerifier [0x00007FF75859CDAB+3640043]
	GetHandleVerifier [0x00007FF7582EB7C6+816390]
	(No symbol) [0x00007FF7581AB77F]
	(No symbol) [0x00007FF7581A75A4]
	(No symbol) [0x00007FF7581A7740]
	(No symbol) [0x00007FF75819659F]
	BaseThreadInitThunk [0x00007FFAA2887374+20]
	RtlUserThreadStart [0x00007FFAA3FBCC91+33]

