2024-10-06 19:05:15,941 - WARNING - Error sending stats to Plausible: error sending request for url (https://plausible.io/api/event)
2024-10-06 19:05:17,323 - INFO - Connected to https://anitsayac.com/
2024-10-06 19:05:36,258 - INFO - Scraped all individuals listed in the website. Total: 4937
2024-10-06 19:05:40,281 - INFO - Connected to scrape Bedriye Işık details. RIP...
2024-10-06 19:05:42,375 - INFO - Successfully scraped Bedriye Işık details. RIP...
2024-10-06 19:05:49,736 - INFO - Connected to scrape Sonay Öztürk Aslan details. RIP...
2024-10-06 19:05:51,830 - INFO - Successfully scraped Sonay Öztürk Aslan details. RIP...
2024-10-06 19:05:57,931 - INFO - Connected to scrape Ayşenur Halil details. RIP...
2024-10-06 19:06:00,040 - INFO - Successfully scraped Ayşenur Halil details. RIP...
2024-10-06 19:06:06,036 - INFO - Connected to scrape İkbal Uzuner details. RIP...
2024-10-06 19:06:08,135 - INFO - Successfully scraped İkbal Uzuner details. RIP...
2024-10-06 19:06:14,128 - INFO - Connected to scrape Zehra Gün details. RIP...
2024-10-06 19:06:16,235 - INFO - Successfully scraped Zehra Gün details. RIP...
2024-10-06 19:06:22,177 - INFO - Connected to scrape Gülfer Öter details. RIP...
2024-10-06 19:06:24,284 - INFO - Successfully scraped Gülfer Öter details. RIP...
2024-10-06 19:06:30,624 - INFO - Connected to scrape Sibel Aygan details. RIP...
2024-10-06 19:06:32,719 - INFO - Successfully scraped Sibel Aygan details. RIP...
2024-10-06 19:06:39,896 - INFO - Connected to scrape Hazal Gencer details. RIP...
2024-10-06 19:06:41,989 - INFO - Successfully scraped Hazal Gencer details. RIP...
2024-10-06 19:06:47,930 - INFO - Connected to scrape Özge Hançer Girgiç details. RIP...
2024-10-06 19:06:50,031 - INFO - Successfully scraped Özge Hançer Girgiç details. RIP...
2024-10-06 19:06:55,965 - INFO - Connected to scrape Esin Karabıyık details. RIP...
2024-10-06 19:06:58,070 - INFO - Successfully scraped Esin Karabıyık details. RIP...
2024-10-06 19:07:04,305 - INFO - Connected to scrape Devrim Emir details. RIP...
2024-10-06 19:07:06,403 - INFO - Successfully scraped Devrim Emir details. RIP...
2024-10-06 19:07:12,477 - INFO - Connected to scrape Ebru Öcal details. RIP...
2024-10-06 19:07:14,586 - INFO - Successfully scraped Ebru Öcal details. RIP...
2024-10-06 19:07:20,993 - INFO - Connected to scrape Selda Eller details. RIP...
2024-10-06 19:07:23,084 - INFO - Successfully scraped Selda Eller details. RIP...
2024-10-06 19:07:29,901 - INFO - Connected to scrape Ruhan Akkaya details. RIP...
2024-10-06 19:07:31,995 - INFO - Successfully scraped Ruhan Akkaya details. RIP...
2024-10-06 19:07:37,923 - INFO - Connected to scrape Fadimana Ok details. RIP...
2024-10-06 19:07:40,022 - INFO - Successfully scraped Fadimana Ok details. RIP...
2024-10-06 19:07:46,107 - INFO - Connected to scrape İsmi Bilinmiyor details. RIP...
2024-10-06 19:07:48,203 - INFO - Successfully scraped İsmi Bilinmiyor details. RIP...
2024-10-06 19:07:53,974 - INFO - Connected to scrape Aysel Yıldız details. RIP...
2024-10-06 19:07:56,077 - INFO - Successfully scraped Aysel Yıldız details. RIP...
2024-10-06 19:08:01,509 - INFO - Connected to scrape Zebiniso Dayıyavora details. RIP...
2024-10-06 19:08:03,608 - INFO - Successfully scraped Zebiniso Dayıyavora details. RIP...
2024-10-06 19:08:09,684 - INFO - Connected to scrape Döne Bozdemir details. RIP...
2024-10-06 19:08:11,780 - INFO - Successfully scraped Döne Bozdemir details. RIP...
2024-10-06 19:08:17,566 - INFO - Connected to scrape Çiğdem Eskidemirci details. RIP...
2024-10-06 19:08:19,671 - INFO - Successfully scraped Çiğdem Eskidemirci details. RIP...
2024-10-06 19:08:27,166 - INFO - Connected to scrape Fadim Temirhanoğulları details. RIP...
2024-10-06 19:08:29,279 - INFO - Successfully scraped Fadim Temirhanoğulları details. RIP...
2024-10-06 19:08:35,378 - INFO - Connected to scrape Maıa A. details. RIP...
2024-10-06 19:08:37,481 - INFO - Successfully scraped Maıa A. details. RIP...
2024-10-06 19:08:43,605 - INFO - Connected to scrape Elif Ceren Arslan details. RIP...
2024-10-06 19:08:45,704 - INFO - Successfully scraped Elif Ceren Arslan details. RIP...
2024-10-06 19:08:52,022 - INFO - Connected to scrape Hamiyet Çetin Görmezer details. RIP...
2024-10-06 19:08:54,141 - INFO - Successfully scraped Hamiyet Çetin Görmezer details. RIP...
2024-10-06 19:09:00,732 - INFO - Connected to scrape Narin Güran details. RIP...
2024-10-06 19:09:02,833 - INFO - Successfully scraped Narin Güran details. RIP...
2024-10-06 19:09:09,127 - INFO - Connected to scrape Feriye Gözüala details. RIP...
2024-10-06 19:09:11,224 - INFO - Successfully scraped Feriye Gözüala details. RIP...
2024-10-06 19:09:17,633 - INFO - Connected to scrape Hatice Gül details. RIP...
2024-10-06 19:09:19,722 - INFO - Successfully scraped Hatice Gül details. RIP...
2024-10-06 19:09:25,847 - INFO - Connected to scrape Gülizar Çolak details. RIP...
2024-10-06 19:09:27,953 - INFO - Successfully scraped Gülizar Çolak details. RIP...
2024-10-06 19:09:34,214 - INFO - Connected to scrape Tuğba Koç details. RIP...
2024-10-06 19:09:36,304 - INFO - Successfully scraped Tuğba Koç details. RIP...
2024-10-06 19:09:42,373 - INFO - Connected to scrape Ayşe Dürüst details. RIP...
2024-10-06 19:09:44,459 - INFO - Successfully scraped Ayşe Dürüst details. RIP...
2024-10-06 19:09:50,372 - INFO - Connected to scrape Ebru Duvar details. RIP...
2024-10-06 19:09:52,466 - INFO - Successfully scraped Ebru Duvar details. RIP...
2024-10-06 19:09:58,581 - INFO - Connected to scrape Emine Sezer details. RIP...
2024-10-06 19:10:00,674 - INFO - Successfully scraped Emine Sezer details. RIP...
2024-10-06 19:10:07,058 - INFO - Connected to scrape Cemre Şİmşek details. RIP...
2024-10-06 19:10:09,152 - INFO - Successfully scraped Cemre Şİmşek details. RIP...
2024-10-06 19:10:15,465 - INFO - Connected to scrape Nira Şimşek details. RIP...
2024-10-06 19:10:17,549 - INFO - Successfully scraped Nira Şimşek details. RIP...
2024-10-06 19:10:23,968 - INFO - Connected to scrape Ceylin Şimşek details. RIP...
2024-10-06 19:10:26,073 - INFO - Successfully scraped Ceylin Şimşek details. RIP...
2024-10-06 19:10:32,001 - INFO - Connected to scrape Senem Kıvrık details. RIP...
2024-10-06 19:10:34,100 - INFO - Successfully scraped Senem Kıvrık details. RIP...
2024-10-06 19:10:40,273 - INFO - Connected to scrape Derya Demir details. RIP...
2024-10-06 19:10:42,408 - INFO - Successfully scraped Derya Demir details. RIP...
2024-10-06 19:10:48,297 - INFO - Connected to scrape Eylem Sevilen details. RIP...
2024-10-06 19:10:50,402 - INFO - Successfully scraped Eylem Sevilen details. RIP...
2024-10-06 19:10:56,383 - INFO - Connected to scrape Elif Dim details. RIP...
2024-10-06 19:10:58,475 - INFO - Successfully scraped Elif Dim details. RIP...
2024-10-06 19:11:04,785 - INFO - Connected to scrape Gülizar Çolak details. RIP...
2024-10-06 19:11:06,874 - INFO - Successfully scraped Gülizar Çolak details. RIP...
2024-10-06 19:11:12,451 - INFO - Connected to scrape Gülizar Altuntaş details. RIP...
2024-10-06 19:11:14,538 - INFO - Successfully scraped Gülizar Altuntaş details. RIP...
2024-10-06 19:11:20,916 - INFO - Connected to scrape Elif Durmaz details. RIP...
2024-10-06 19:11:23,018 - INFO - Successfully scraped Elif Durmaz details. RIP...
2024-10-06 19:11:29,183 - INFO - Connected to scrape A.Ö. details. RIP...
2024-10-06 19:11:31,277 - INFO - Successfully scraped A.Ö. details. RIP...
2024-10-06 19:11:37,303 - INFO - Connected to scrape Nuhbe Yılmaz details. RIP...
2024-10-06 19:11:39,388 - INFO - Successfully scraped Nuhbe Yılmaz details. RIP...
2024-10-06 19:11:46,037 - INFO - Connected to scrape Sezen Sarısaray details. RIP...
2024-10-06 19:11:48,127 - INFO - Successfully scraped Sezen Sarısaray details. RIP...
2024-10-06 19:11:54,034 - INFO - Connected to scrape Duru Pakarda details. RIP...
2024-10-06 19:11:56,134 - INFO - Successfully scraped Duru Pakarda details. RIP...
2024-10-06 19:12:01,998 - INFO - Connected to scrape Öznur Akkaya details. RIP...
2024-10-06 19:12:04,094 - INFO - Successfully scraped Öznur Akkaya details. RIP...
2024-10-06 19:12:10,132 - INFO - Connected to scrape Zülbiye Bahadır details. RIP...
2024-10-06 19:12:12,232 - INFO - Successfully scraped Zülbiye Bahadır details. RIP...
2024-10-06 19:12:18,590 - INFO - Connected to scrape Sinem Çinğiloğlu details. RIP...
2024-10-06 19:12:20,678 - INFO - Successfully scraped Sinem Çinğiloğlu details. RIP...
2024-10-06 19:12:26,652 - INFO - Connected to scrape Kıymet Çetinkaya details. RIP...
2024-10-06 19:12:28,751 - INFO - Successfully scraped Kıymet Çetinkaya details. RIP...
2024-10-06 19:12:35,058 - INFO - Connected to scrape Sedef Çınar details. RIP...
2024-10-06 19:12:37,160 - INFO - Successfully scraped Sedef Çınar details. RIP...
2024-10-06 19:12:43,347 - INFO - Connected to scrape Serpil Gül details. RIP...
2024-10-06 19:12:45,437 - INFO - Successfully scraped Serpil Gül details. RIP...
2024-10-06 19:12:51,424 - INFO - Connected to scrape Hilmiye Tuğba Esgin details. RIP...
2024-10-06 19:12:53,527 - INFO - Successfully scraped Hilmiye Tuğba Esgin details. RIP...
2024-10-06 19:12:59,304 - INFO - Connected to scrape Vesile Akgün details. RIP...
2024-10-06 19:13:01,408 - INFO - Successfully scraped Vesile Akgün details. RIP...
2024-10-06 19:13:07,468 - INFO - Connected to scrape Arife Öz details. RIP...
2024-10-06 19:13:09,573 - INFO - Successfully scraped Arife Öz details. RIP...
2024-10-06 19:13:15,537 - INFO - Connected to scrape Fatma Demir details. RIP...
2024-10-06 19:13:17,646 - INFO - Successfully scraped Fatma Demir details. RIP...
2024-10-06 19:13:23,591 - INFO - Connected to scrape Sultan Tosun details. RIP...
2024-10-06 19:13:25,671 - INFO - Successfully scraped Sultan Tosun details. RIP...
2024-10-06 19:13:31,037 - INFO - Connected to scrape S.K. details. RIP...
2024-10-06 19:13:33,122 - INFO - Successfully scraped S.K. details. RIP...
2024-10-06 19:13:38,557 - INFO - Connected to scrape Leyla Çetiner details. RIP...
2024-10-06 19:13:40,641 - INFO - Successfully scraped Leyla Çetiner details. RIP...
2024-10-06 19:13:46,272 - INFO - Connected to scrape Müge Elbeli details. RIP...
2024-10-06 19:13:48,381 - INFO - Successfully scraped Müge Elbeli details. RIP...
2024-10-06 19:13:53,721 - INFO - Connected to scrape Aynur Çilli details. RIP...
2024-10-06 19:13:55,811 - INFO - Successfully scraped Aynur Çilli details. RIP...
2024-10-06 19:14:02,050 - INFO - Connected to scrape Hanife Y. details. RIP...
2024-10-06 19:14:04,146 - INFO - Successfully scraped Hanife Y. details. RIP...
2024-10-06 19:14:10,138 - INFO - Connected to scrape Nuray Dabaz details. RIP...
2024-10-06 19:14:12,235 - INFO - Successfully scraped Nuray Dabaz details. RIP...
2024-10-06 19:14:18,732 - INFO - Connected to scrape Gülhan Baytok details. RIP...
2024-10-06 19:14:20,838 - INFO - Successfully scraped Gülhan Baytok details. RIP...
2024-10-06 19:14:26,994 - INFO - Connected to scrape Sözen Tutci details. RIP...
2024-10-06 19:14:29,080 - INFO - Successfully scraped Sözen Tutci details. RIP...
2024-10-06 19:14:35,700 - INFO - Connected to scrape Nurten Yapıcıoğlu details. RIP...
2024-10-06 19:14:37,790 - INFO - Successfully scraped Nurten Yapıcıoğlu details. RIP...
2024-10-06 19:14:44,818 - INFO - Connected to scrape Cansu Tarak details. RIP...
2024-10-06 19:14:46,954 - INFO - Successfully scraped Cansu Tarak details. RIP...
2024-10-06 19:14:53,352 - INFO - Connected to scrape Fatma Ö. details. RIP...
2024-10-06 19:14:55,449 - INFO - Successfully scraped Fatma Ö. details. RIP...
2024-10-06 19:15:01,862 - INFO - Connected to scrape Elif Avcı details. RIP...
2024-10-06 19:15:03,961 - INFO - Successfully scraped Elif Avcı details. RIP...
2024-10-06 19:15:11,169 - INFO - Connected to scrape Saliha K. details. RIP...
2024-10-06 19:15:13,282 - INFO - Successfully scraped Saliha K. details. RIP...
2024-10-06 19:15:19,385 - INFO - Connected to scrape Esma Biçer details. RIP...
2024-10-06 19:15:21,470 - INFO - Successfully scraped Esma Biçer details. RIP...
2024-10-06 19:15:27,592 - INFO - Connected to scrape Erva Raziye Asar details. RIP...
2024-10-06 19:15:29,689 - INFO - Successfully scraped Erva Raziye Asar details. RIP...
2024-10-06 19:15:36,534 - INFO - Connected to scrape Merve K. details. RIP...
2024-10-06 19:15:38,684 - INFO - Successfully scraped Merve K. details. RIP...
2024-10-06 19:15:45,643 - INFO - Connected to scrape Seher İşler details. RIP...
2024-10-06 19:15:47,743 - INFO - Successfully scraped Seher İşler details. RIP...
2024-10-06 19:15:53,757 - INFO - Connected to scrape Songül Budak details. RIP...
2024-10-06 19:15:55,874 - INFO - Successfully scraped Songül Budak details. RIP...
2024-10-06 19:16:01,901 - INFO - Connected to scrape Cansu Aslan details. RIP...
2024-10-06 19:16:04,029 - INFO - Successfully scraped Cansu Aslan details. RIP...
2024-10-06 19:16:09,978 - INFO - Connected to scrape Rukiye Yıldırım details. RIP...
2024-10-06 19:16:12,062 - INFO - Successfully scraped Rukiye Yıldırım details. RIP...
2024-10-06 19:16:18,032 - INFO - Connected to scrape Safiye Bıçak details. RIP...
2024-10-06 19:16:20,125 - INFO - Successfully scraped Safiye Bıçak details. RIP...
2024-10-06 19:16:26,343 - INFO - Connected to scrape Doğa Keklik details. RIP...
2024-10-06 19:16:28,445 - INFO - Successfully scraped Doğa Keklik details. RIP...
2024-10-06 19:16:33,863 - INFO - Connected to scrape İklim Altınsoy details. RIP...
2024-10-06 19:16:35,958 - INFO - Successfully scraped İklim Altınsoy details. RIP...
2024-10-06 19:16:42,071 - INFO - Connected to scrape Pera Balabıyık details. RIP...
2024-10-06 19:16:44,209 - INFO - Successfully scraped Pera Balabıyık details. RIP...
2024-10-06 19:16:50,376 - INFO - Connected to scrape Sevgi Koçer details. RIP...
2024-10-06 19:16:52,483 - INFO - Successfully scraped Sevgi Koçer details. RIP...
2024-10-06 19:16:58,588 - INFO - Connected to scrape Yüsra Binnaz Çimtay details. RIP...
2024-10-06 19:17:00,689 - INFO - Successfully scraped Yüsra Binnaz Çimtay details. RIP...
2024-10-06 19:17:06,894 - INFO - Connected to scrape Hatice Usalan details. RIP...
2024-10-06 19:17:08,995 - INFO - Successfully scraped Hatice Usalan details. RIP...
2024-10-06 19:17:15,647 - INFO - Connected to scrape Hatice Çelik details. RIP...
2024-10-06 19:17:17,761 - INFO - Successfully scraped Hatice Çelik details. RIP...
2024-10-06 19:17:23,708 - INFO - Connected to scrape Selen Akpolat details. RIP...
2024-10-06 19:17:25,805 - INFO - Successfully scraped Selen Akpolat details. RIP...
2024-10-06 19:17:31,828 - INFO - Connected to scrape Nurcan Tekdemir details. RIP...
2024-10-06 19:17:33,920 - INFO - Successfully scraped Nurcan Tekdemir details. RIP...
2024-10-06 19:17:40,196 - INFO - Connected to scrape Ümmü Döğer details. RIP...
2024-10-06 19:17:42,285 - INFO - Successfully scraped Ümmü Döğer details. RIP...
2024-10-06 19:17:48,360 - INFO - Connected to scrape Semiha Türk details. RIP...
2024-10-06 19:17:50,461 - INFO - Successfully scraped Semiha Türk details. RIP...
2024-10-06 19:17:56,133 - INFO - Connected to scrape Gizem Nazife Türk details. RIP...
2024-10-06 19:17:58,234 - INFO - Successfully scraped Gizem Nazife Türk details. RIP...
2024-10-06 19:18:04,356 - INFO - Connected to scrape Hilal Kar details. RIP...
2024-10-06 19:18:06,484 - INFO - Successfully scraped Hilal Kar details. RIP...
2024-10-06 19:18:13,827 - INFO - Connected to scrape Fatma Kahraman details. RIP...
2024-10-06 19:18:15,930 - INFO - Successfully scraped Fatma Kahraman details. RIP...
2024-10-06 19:18:21,919 - INFO - Connected to scrape Gülsüm Mertoğlu details. RIP...
2024-10-06 19:18:24,014 - INFO - Successfully scraped Gülsüm Mertoğlu details. RIP...
2024-10-06 19:18:30,331 - INFO - Connected to scrape Şükran Eba details. RIP...
2024-10-06 19:18:32,431 - INFO - Successfully scraped Şükran Eba details. RIP...
2024-10-06 19:18:38,852 - INFO - Connected to scrape Leyla Erat details. RIP...
2024-10-06 19:18:40,972 - INFO - Successfully scraped Leyla Erat details. RIP...
2024-10-06 19:18:47,227 - INFO - Connected to scrape Fatma Nur Bezen details. RIP...
2024-10-06 19:18:49,313 - INFO - Successfully scraped Fatma Nur Bezen details. RIP...
2024-10-06 19:18:55,430 - INFO - Connected to scrape Seher Aktekin details. RIP...
2024-10-06 19:18:57,561 - INFO - Successfully scraped Seher Aktekin details. RIP...
2024-10-06 19:19:03,707 - INFO - Connected to scrape Aylin Ekşi details. RIP...
2024-10-06 19:19:05,826 - INFO - Successfully scraped Aylin Ekşi details. RIP...
2024-10-06 19:19:12,299 - INFO - Connected to scrape Merve Şahin details. RIP...
2024-10-06 19:19:14,398 - INFO - Successfully scraped Merve Şahin details. RIP...
2024-10-06 19:19:46,809 - INFO - Connected to scrape Hacer Çağla Çetinalp details. RIP...
2024-10-06 19:19:48,933 - INFO - Successfully scraped Hacer Çağla Çetinalp details. RIP...
2024-10-06 19:20:07,155 - INFO - Connected to scrape Victoria Vera Blyth details. RIP...
2024-10-06 19:20:09,266 - INFO - Successfully scraped Victoria Vera Blyth details. RIP...
2024-10-06 19:20:15,679 - INFO - Connected to scrape Merve Karabaş details. RIP...
2024-10-06 19:20:17,782 - INFO - Successfully scraped Merve Karabaş details. RIP...
2024-10-06 19:20:23,440 - INFO - Connected to scrape Semiha Koca details. RIP...
2024-10-06 19:20:25,521 - INFO - Successfully scraped Semiha Koca details. RIP...
2024-10-06 19:20:31,588 - INFO - Connected to scrape Hilal Nur Koca details. RIP...
2024-10-06 19:20:33,687 - INFO - Successfully scraped Hilal Nur Koca details. RIP...
2024-10-06 19:20:39,390 - INFO - Connected to scrape Lale Polat details. RIP...
2024-10-06 19:20:41,490 - INFO - Successfully scraped Lale Polat details. RIP...
2024-10-06 19:20:47,505 - INFO - Connected to scrape Gülşen Çalışkan details. RIP...
2024-10-06 19:20:49,624 - INFO - Successfully scraped Gülşen Çalışkan details. RIP...
2024-10-06 19:20:55,987 - INFO - Connected to scrape Sedef Güler details. RIP...
2024-10-06 19:20:58,089 - INFO - Successfully scraped Sedef Güler details. RIP...
2024-10-06 19:21:04,438 - INFO - Connected to scrape Saniye Arslan details. RIP...
2024-10-06 19:21:06,526 - INFO - Successfully scraped Saniye Arslan details. RIP...
2024-10-06 19:21:12,499 - INFO - Connected to scrape Hediye Kocatürk details. RIP...
2024-10-06 19:21:14,602 - INFO - Successfully scraped Hediye Kocatürk details. RIP...
2024-10-06 19:21:54,804 - INFO - Connected to scrape Nur El Süleyman details. RIP...
2024-10-06 19:21:56,909 - INFO - Successfully scraped Nur El Süleyman details. RIP...
2024-10-06 19:22:18,655 - INFO - Connected to scrape Esma Şimşek details. RIP...
2024-10-06 19:22:20,764 - INFO - Successfully scraped Esma Şimşek details. RIP...
2024-10-06 19:22:32,895 - INFO - Connected to scrape Şule Özlem Ural details. RIP...
2024-10-06 19:22:35,022 - INFO - Successfully scraped Şule Özlem Ural details. RIP...
2024-10-06 19:22:41,316 - INFO - Connected to scrape Serap Doğan details. RIP...
2024-10-06 19:22:43,437 - INFO - Successfully scraped Serap Doğan details. RIP...
2024-10-06 19:22:49,321 - INFO - Connected to scrape Zeynep Kılıç details. RIP...
2024-10-06 19:22:51,419 - INFO - Successfully scraped Zeynep Kılıç details. RIP...
2024-10-06 19:22:57,554 - INFO - Connected to scrape Aslı Kılıç details. RIP...
2024-10-06 19:22:59,668 - INFO - Successfully scraped Aslı Kılıç details. RIP...
2024-10-06 19:23:05,655 - INFO - Connected to scrape Sevilay Yılmaz details. RIP...
2024-10-06 19:23:07,746 - INFO - Successfully scraped Sevilay Yılmaz details. RIP...
2024-10-06 19:23:13,772 - INFO - Connected to scrape İsmi Bilinmiyor details. RIP...
2024-10-06 19:23:15,878 - INFO - Successfully scraped İsmi Bilinmiyor details. RIP...
2024-10-06 19:23:22,037 - INFO - Connected to scrape Ceylan Demir details. RIP...
2024-10-06 19:23:24,125 - INFO - Successfully scraped Ceylan Demir details. RIP...
2024-10-06 19:23:30,010 - INFO - Connected to scrape Zahra Nojioua details. RIP...
2024-10-06 19:23:32,121 - INFO - Successfully scraped Zahra Nojioua details. RIP...
2024-10-06 19:24:08,446 - INFO - Connected to scrape Nagihan Can details. RIP...
2024-10-06 19:24:10,557 - INFO - Successfully scraped Nagihan Can details. RIP...
2024-10-06 19:24:46,208 - INFO - Connected to scrape Fatma Can details. RIP...
2024-10-06 19:24:48,365 - INFO - Successfully scraped Fatma Can details. RIP...
2024-10-06 19:25:12,344 - INFO - Connected to scrape Kader Yıldırım details. RIP...
2024-10-06 19:25:14,458 - INFO - Successfully scraped Kader Yıldırım details. RIP...
2024-10-06 19:25:36,138 - INFO - Connected to scrape Cennet Akdağlı details. RIP...
2024-10-06 19:25:38,242 - INFO - Successfully scraped Cennet Akdağlı details. RIP...
2024-10-06 19:25:38,244 - ERROR - An error occurred: Message: stale element reference: stale element not found
  (Session info: chrome=129.0.6668.90); For documentation on this error, please visit: https://www.selenium.dev/documentation/webdriver/troubleshooting/errors#stale-element-reference-exception
Stacktrace:
	GetHandleVerifier [0x00007FF75822B645+29573]
	(No symbol) [0x00007FF7581A0470]
	(No symbol) [0x00007FF75805B6EA]
	(No symbol) [0x00007FF75806E1BB]
	(No symbol) [0x00007FF758062F14]
	(No symbol) [0x00007FF758060D94]
	(No symbol) [0x00007FF758064637]
	(No symbol) [0x00007FF7580646F0]
	(No symbol) [0x00007FF7580AF38F]
	(No symbol) [0x00007FF7580AFA6C]
	(No symbol) [0x00007FF7580A312C]
	(No symbol) [0x00007FF7580D733F]
	(No symbol) [0x00007FF7580A2FF6]
	(No symbol) [0x00007FF7580D7510]
	(No symbol) [0x00007FF7580F86BC]
	(No symbol) [0x00007FF7580D70A3]
	(No symbol) [0x00007FF7580A12DF]
	(No symbol) [0x00007FF7580A2441]
	GetHandleVerifier [0x00007FF75855C58D+3375821]
	GetHandleVerifier [0x00007FF7585A7987+3684039]
	GetHandleVerifier [0x00007FF75859CDAB+3640043]
	GetHandleVerifier [0x00007FF7582EB7C6+816390]
	(No symbol) [0x00007FF7581AB77F]
	(No symbol) [0x00007FF7581A75A4]
	(No symbol) [0x00007FF7581A7740]
	(No symbol) [0x00007FF75819659F]
	BaseThreadInitThunk [0x00007FFAA2887374+20]
	RtlUserThreadStart [0x00007FFAA3FBCC91+33]

