2024-10-06 14:23:42,550 - WARNING - Error sending stats to Plausible: error sending request for url (https://plausible.io/api/event)
2024-10-06 14:23:43,889 - INFO - Connected to https://anitsayac.com/
2024-10-06 14:24:00,201 - INFO - Scraped all individuals listed in the website. Total: 4937
2024-10-06 14:24:05,167 - INFO - Connected to scrape Bedriye Işık details. RIP...
2024-10-06 14:24:07,276 - INFO - Successfully scraped Bedriye Işık details. RIP...
2024-10-06 14:24:15,344 - INFO - Connected to scrape Sonay Öztürk Aslan details. RIP...
2024-10-06 14:24:17,463 - INFO - Successfully scraped Sonay Öztürk Aslan details. RIP...
2024-10-06 14:24:25,524 - INFO - Connected to scrape Ayşenur Halil details. RIP...
2024-10-06 14:24:27,670 - INFO - Successfully scraped Ayşenur Halil details. RIP...
2024-10-06 14:24:50,462 - INFO - Connected to scrape İkbal Uzuner details. RIP...
2024-10-06 14:24:52,575 - INFO - Successfully scraped İkbal Uzuner details. RIP...
2024-10-06 14:25:14,800 - INFO - Connected to scrape Zehra Gün details. RIP...
2024-10-06 14:25:16,916 - INFO - Successfully scraped Zehra Gün details. RIP...
2024-10-06 14:25:31,965 - INFO - Connected to scrape Gülfer Öter details. RIP...
2024-10-06 14:25:34,080 - INFO - Successfully scraped Gülfer Öter details. RIP...
2024-10-06 14:25:47,746 - INFO - Connected to scrape Sibel Aygan details. RIP...
2024-10-06 14:25:49,858 - INFO - Successfully scraped Sibel Aygan details. RIP...
2024-10-06 14:26:05,403 - INFO - Connected to scrape Hazal Gencer details. RIP...
2024-10-06 14:26:07,527 - INFO - Successfully scraped Hazal Gencer details. RIP...
2024-10-06 14:26:24,944 - INFO - Connected to scrape Özge Hançer Girgiç details. RIP...
2024-10-06 14:26:27,067 - INFO - Successfully scraped Özge Hançer Girgiç details. RIP...
2024-10-06 14:26:38,731 - INFO - Connected to scrape Esin Karabıyık details. RIP...
2024-10-06 14:26:40,863 - INFO - Successfully scraped Esin Karabıyık details. RIP...
2024-10-06 14:26:49,525 - INFO - Connected to scrape Devrim Emir details. RIP...
2024-10-06 14:26:51,647 - INFO - Successfully scraped Devrim Emir details. RIP...
2024-10-06 14:27:00,895 - INFO - Connected to scrape Ebru Öcal details. RIP...
2024-10-06 14:27:03,016 - INFO - Successfully scraped Ebru Öcal details. RIP...
2024-10-06 14:27:12,728 - INFO - Connected to scrape Selda Eller details. RIP...
2024-10-06 14:27:14,820 - INFO - Successfully scraped Selda Eller details. RIP...
2024-10-06 14:27:35,467 - INFO - Connected to scrape Ruhan Akkaya details. RIP...
2024-10-06 14:27:37,589 - INFO - Successfully scraped Ruhan Akkaya details. RIP...
2024-10-06 14:27:45,576 - INFO - Connected to scrape Fadimana Ok details. RIP...
2024-10-06 14:27:47,705 - INFO - Successfully scraped Fadimana Ok details. RIP...
2024-10-06 14:27:55,400 - INFO - Connected to scrape İsmi Bilinmiyor details. RIP...
2024-10-06 14:27:57,491 - INFO - Successfully scraped İsmi Bilinmiyor details. RIP...
2024-10-06 14:28:05,487 - INFO - Connected to scrape Aysel Yıldız details. RIP...
2024-10-06 14:28:07,609 - INFO - Successfully scraped Aysel Yıldız details. RIP...
2024-10-06 14:28:15,007 - INFO - Connected to scrape Zebiniso Dayıyavora details. RIP...
2024-10-06 14:28:17,130 - INFO - Successfully scraped Zebiniso Dayıyavora details. RIP...
2024-10-06 14:28:25,143 - INFO - Connected to scrape Döne Bozdemir details. RIP...
2024-10-06 14:28:27,261 - INFO - Successfully scraped Döne Bozdemir details. RIP...
2024-10-06 14:28:35,403 - INFO - Connected to scrape Çiğdem Eskidemirci details. RIP...
2024-10-06 14:28:37,525 - INFO - Successfully scraped Çiğdem Eskidemirci details. RIP...
2024-10-06 14:28:46,339 - INFO - Connected to scrape Fadim Temirhanoğulları details. RIP...
2024-10-06 14:28:48,445 - INFO - Successfully scraped Fadim Temirhanoğulları details. RIP...
2024-10-06 14:28:56,563 - INFO - Connected to scrape Maıa A. details. RIP...
2024-10-06 14:28:58,667 - INFO - Successfully scraped Maıa A. details. RIP...
2024-10-06 14:29:06,687 - INFO - Connected to scrape Elif Ceren Arslan details. RIP...
2024-10-06 14:29:08,827 - INFO - Successfully scraped Elif Ceren Arslan details. RIP...
2024-10-06 14:29:16,716 - INFO - Connected to scrape Hamiyet Çetin Görmezer details. RIP...
2024-10-06 14:29:18,874 - INFO - Successfully scraped Hamiyet Çetin Görmezer details. RIP...
2024-10-06 14:29:27,730 - INFO - Connected to scrape Narin Güran details. RIP...
2024-10-06 14:29:29,846 - INFO - Successfully scraped Narin Güran details. RIP...
2024-10-06 14:29:38,262 - INFO - Connected to scrape Feriye Gözüala details. RIP...
2024-10-06 14:29:40,388 - INFO - Successfully scraped Feriye Gözüala details. RIP...
2024-10-06 14:29:48,665 - INFO - Connected to scrape Hatice Gül details. RIP...
2024-10-06 14:29:50,780 - INFO - Successfully scraped Hatice Gül details. RIP...
2024-10-06 14:29:58,952 - INFO - Connected to scrape Gülizar Çolak details. RIP...
2024-10-06 14:30:01,070 - INFO - Successfully scraped Gülizar Çolak details. RIP...
2024-10-06 14:30:09,520 - INFO - Connected to scrape Tuğba Koç details. RIP...
2024-10-06 14:30:11,630 - INFO - Successfully scraped Tuğba Koç details. RIP...
2024-10-06 14:30:19,619 - INFO - Connected to scrape Ayşe Dürüst details. RIP...
2024-10-06 14:30:21,745 - INFO - Successfully scraped Ayşe Dürüst details. RIP...
2024-10-06 14:30:29,815 - INFO - Connected to scrape Ebru Duvar details. RIP...
2024-10-06 14:30:31,936 - INFO - Successfully scraped Ebru Duvar details. RIP...
2024-10-06 14:30:40,051 - INFO - Connected to scrape Emine Sezer details. RIP...
2024-10-06 14:30:42,169 - INFO - Successfully scraped Emine Sezer details. RIP...
2024-10-06 14:30:50,524 - INFO - Connected to scrape Cemre Şİmşek details. RIP...
2024-10-06 14:30:52,653 - INFO - Successfully scraped Cemre Şİmşek details. RIP...
2024-10-06 14:31:01,743 - INFO - Connected to scrape Nira Şimşek details. RIP...
2024-10-06 14:31:03,877 - INFO - Successfully scraped Nira Şimşek details. RIP...
2024-10-06 14:31:12,149 - INFO - Connected to scrape Ceylin Şimşek details. RIP...
2024-10-06 14:31:14,262 - INFO - Successfully scraped Ceylin Şimşek details. RIP...
2024-10-06 14:31:22,226 - INFO - Connected to scrape Senem Kıvrık details. RIP...
2024-10-06 14:31:24,362 - INFO - Successfully scraped Senem Kıvrık details. RIP...
2024-10-06 14:31:32,449 - INFO - Connected to scrape Derya Demir details. RIP...
2024-10-06 14:31:34,579 - INFO - Successfully scraped Derya Demir details. RIP...
2024-10-06 14:31:42,818 - INFO - Connected to scrape Eylem Sevilen details. RIP...
2024-10-06 14:31:44,928 - INFO - Successfully scraped Eylem Sevilen details. RIP...
2024-10-06 14:31:53,019 - INFO - Connected to scrape Elif Dim details. RIP...
2024-10-06 14:31:55,147 - INFO - Successfully scraped Elif Dim details. RIP...
2024-10-06 14:32:03,459 - INFO - Connected to scrape Gülizar Çolak details. RIP...
2024-10-06 14:32:05,576 - INFO - Successfully scraped Gülizar Çolak details. RIP...
2024-10-06 14:32:13,199 - INFO - Connected to scrape Gülizar Altuntaş details. RIP...
2024-10-06 14:32:15,331 - INFO - Successfully scraped Gülizar Altuntaş details. RIP...
2024-10-06 14:32:23,623 - INFO - Connected to scrape Elif Durmaz details. RIP...
2024-10-06 14:32:25,750 - INFO - Successfully scraped Elif Durmaz details. RIP...
2024-10-06 14:32:33,955 - INFO - Connected to scrape A.Ö. details. RIP...
2024-10-06 14:32:36,064 - INFO - Successfully scraped A.Ö. details. RIP...
2024-10-06 14:32:43,964 - INFO - Connected to scrape Nuhbe Yılmaz details. RIP...
2024-10-06 14:32:46,095 - INFO - Successfully scraped Nuhbe Yılmaz details. RIP...
2024-10-06 14:32:54,395 - INFO - Connected to scrape Sezen Sarısaray details. RIP...
2024-10-06 14:32:56,515 - INFO - Successfully scraped Sezen Sarısaray details. RIP...
2024-10-06 14:33:04,502 - INFO - Connected to scrape Duru Pakarda details. RIP...
2024-10-06 14:33:06,605 - INFO - Successfully scraped Duru Pakarda details. RIP...
2024-10-06 14:33:14,285 - INFO - Connected to scrape Öznur Akkaya details. RIP...
2024-10-06 14:33:16,411 - INFO - Successfully scraped Öznur Akkaya details. RIP...
2024-10-06 14:33:24,498 - INFO - Connected to scrape Zülbiye Bahadır details. RIP...
2024-10-06 14:33:26,620 - INFO - Successfully scraped Zülbiye Bahadır details. RIP...
2024-10-06 14:33:35,155 - INFO - Connected to scrape Sinem Çinğiloğlu details. RIP...
2024-10-06 14:33:37,275 - INFO - Successfully scraped Sinem Çinğiloğlu details. RIP...
2024-10-06 14:33:45,267 - INFO - Connected to scrape Kıymet Çetinkaya details. RIP...
2024-10-06 14:33:47,378 - INFO - Successfully scraped Kıymet Çetinkaya details. RIP...
2024-10-06 14:33:55,919 - INFO - Connected to scrape Sedef Çınar details. RIP...
2024-10-06 14:33:58,029 - INFO - Successfully scraped Sedef Çınar details. RIP...
2024-10-06 14:34:07,142 - INFO - Connected to scrape Serpil Gül details. RIP...
2024-10-06 14:34:09,253 - INFO - Successfully scraped Serpil Gül details. RIP...
2024-10-06 14:34:17,185 - INFO - Connected to scrape Hilmiye Tuğba Esgin details. RIP...
2024-10-06 14:34:19,296 - INFO - Successfully scraped Hilmiye Tuğba Esgin details. RIP...
2024-10-06 14:34:26,839 - INFO - Connected to scrape Vesile Akgün details. RIP...
2024-10-06 14:34:28,965 - INFO - Successfully scraped Vesile Akgün details. RIP...
2024-10-06 14:34:37,015 - INFO - Connected to scrape Arife Öz details. RIP...
2024-10-06 14:34:39,133 - INFO - Successfully scraped Arife Öz details. RIP...
2024-10-06 14:34:47,492 - INFO - Connected to scrape Fatma Demir details. RIP...
2024-10-06 14:34:49,599 - INFO - Successfully scraped Fatma Demir details. RIP...
2024-10-06 14:34:57,673 - INFO - Connected to scrape Sultan Tosun details. RIP...
2024-10-06 14:34:59,812 - INFO - Successfully scraped Sultan Tosun details. RIP...
2024-10-06 14:35:07,227 - INFO - Connected to scrape S.K. details. RIP...
2024-10-06 14:35:09,327 - INFO - Successfully scraped S.K. details. RIP...
2024-10-06 14:35:16,785 - INFO - Connected to scrape Leyla Çetiner details. RIP...
2024-10-06 14:35:18,920 - INFO - Successfully scraped Leyla Çetiner details. RIP...
2024-10-06 14:35:26,316 - INFO - Connected to scrape Müge Elbeli details. RIP...
2024-10-06 14:35:28,421 - INFO - Successfully scraped Müge Elbeli details. RIP...
2024-10-06 14:35:35,823 - INFO - Connected to scrape Aynur Çilli details. RIP...
2024-10-06 14:35:37,950 - INFO - Successfully scraped Aynur Çilli details. RIP...
2024-10-06 14:35:46,082 - INFO - Connected to scrape Hanife Y. details. RIP...
2024-10-06 14:35:48,213 - INFO - Successfully scraped Hanife Y. details. RIP...
2024-10-06 14:35:56,132 - INFO - Connected to scrape Nuray Dabaz details. RIP...
2024-10-06 14:35:58,248 - INFO - Successfully scraped Nuray Dabaz details. RIP...
2024-10-06 14:36:06,476 - INFO - Connected to scrape Gülhan Baytok details. RIP...
2024-10-06 14:36:08,575 - INFO - Successfully scraped Gülhan Baytok details. RIP...
2024-10-06 14:36:16,629 - INFO - Connected to scrape Sözen Tutci details. RIP...
2024-10-06 14:36:18,770 - INFO - Successfully scraped Sözen Tutci details. RIP...
2024-10-06 14:36:27,322 - INFO - Connected to scrape Nurten Yapıcıoğlu details. RIP...
2024-10-06 14:36:29,441 - INFO - Successfully scraped Nurten Yapıcıoğlu details. RIP...
2024-10-06 14:36:48,050 - INFO - Connected to scrape Cansu Tarak details. RIP...
2024-10-06 14:36:50,167 - INFO - Successfully scraped Cansu Tarak details. RIP...
2024-10-06 14:36:58,398 - INFO - Connected to scrape Fatma Ö. details. RIP...
2024-10-06 14:37:00,573 - INFO - Successfully scraped Fatma Ö. details. RIP...
2024-10-06 14:37:14,094 - INFO - Connected to scrape Elif Avcı details. RIP...
2024-10-06 14:37:16,246 - INFO - Successfully scraped Elif Avcı details. RIP...
2024-10-06 14:37:45,198 - INFO - Connected to scrape Saliha K. details. RIP...
2024-10-06 14:37:47,365 - INFO - Successfully scraped Saliha K. details. RIP...
2024-10-06 14:38:12,849 - INFO - Connected to scrape Esma Biçer details. RIP...
2024-10-06 14:38:15,003 - INFO - Successfully scraped Esma Biçer details. RIP...
2024-10-06 14:38:33,403 - INFO - Connected to scrape Erva Raziye Asar details. RIP...
2024-10-06 14:38:35,543 - INFO - Successfully scraped Erva Raziye Asar details. RIP...
2024-10-06 14:38:44,307 - INFO - Connected to scrape Merve K. details. RIP...
2024-10-06 14:38:46,467 - INFO - Successfully scraped Merve K. details. RIP...
2024-10-06 14:38:54,702 - INFO - Connected to scrape Seher İşler details. RIP...
2024-10-06 14:38:56,840 - INFO - Successfully scraped Seher İşler details. RIP...
2024-10-06 14:39:05,215 - INFO - Connected to scrape Songül Budak details. RIP...
2024-10-06 14:39:07,308 - INFO - Successfully scraped Songül Budak details. RIP...
2024-10-06 14:39:15,331 - INFO - Connected to scrape Cansu Aslan details. RIP...
2024-10-06 14:39:17,439 - INFO - Successfully scraped Cansu Aslan details. RIP...
2024-10-06 14:39:25,294 - INFO - Connected to scrape Rukiye Yıldırım details. RIP...
2024-10-06 14:39:27,421 - INFO - Successfully scraped Rukiye Yıldırım details. RIP...
2024-10-06 14:39:35,395 - INFO - Connected to scrape Safiye Bıçak details. RIP...
2024-10-06 14:39:37,497 - INFO - Successfully scraped Safiye Bıçak details. RIP...
2024-10-06 14:39:45,709 - INFO - Connected to scrape Doğa Keklik details. RIP...
2024-10-06 14:39:47,818 - INFO - Successfully scraped Doğa Keklik details. RIP...
2024-10-06 14:39:55,221 - INFO - Connected to scrape İklim Altınsoy details. RIP...
2024-10-06 14:39:57,317 - INFO - Successfully scraped İklim Altınsoy details. RIP...
2024-10-06 14:40:05,376 - INFO - Connected to scrape Pera Balabıyık details. RIP...
2024-10-06 14:40:07,493 - INFO - Successfully scraped Pera Balabıyık details. RIP...
2024-10-06 14:40:15,381 - INFO - Connected to scrape Sevgi Koçer details. RIP...
2024-10-06 14:40:17,497 - INFO - Successfully scraped Sevgi Koçer details. RIP...
2024-10-06 14:40:25,679 - INFO - Connected to scrape Yüsra Binnaz Çimtay details. RIP...
2024-10-06 14:40:27,807 - INFO - Successfully scraped Yüsra Binnaz Çimtay details. RIP...
2024-10-06 14:40:35,809 - INFO - Connected to scrape Hatice Usalan details. RIP...
2024-10-06 14:40:37,952 - INFO - Successfully scraped Hatice Usalan details. RIP...
2024-10-06 14:40:46,152 - INFO - Connected to scrape Hatice Çelik details. RIP...
2024-10-06 14:40:48,272 - INFO - Successfully scraped Hatice Çelik details. RIP...
2024-10-06 14:40:56,369 - INFO - Connected to scrape Selen Akpolat details. RIP...
2024-10-06 14:40:58,497 - INFO - Successfully scraped Selen Akpolat details. RIP...
2024-10-06 14:41:06,474 - INFO - Connected to scrape Nurcan Tekdemir details. RIP...
2024-10-06 14:41:08,606 - INFO - Successfully scraped Nurcan Tekdemir details. RIP...
2024-10-06 14:41:16,567 - INFO - Connected to scrape Ümmü Döğer details. RIP...
2024-10-06 14:41:18,676 - INFO - Successfully scraped Ümmü Döğer details. RIP...
2024-10-06 14:41:26,771 - INFO - Connected to scrape Semiha Türk details. RIP...
2024-10-06 14:41:28,903 - INFO - Successfully scraped Semiha Türk details. RIP...
2024-10-06 14:41:36,869 - INFO - Connected to scrape Gizem Nazife Türk details. RIP...
2024-10-06 14:41:39,005 - INFO - Successfully scraped Gizem Nazife Türk details. RIP...
2024-10-06 14:41:47,588 - INFO - Connected to scrape Hilal Kar details. RIP...
2024-10-06 14:41:49,715 - INFO - Successfully scraped Hilal Kar details. RIP...
2024-10-06 14:41:57,771 - INFO - Connected to scrape Fatma Kahraman details. RIP...
2024-10-06 14:41:59,890 - INFO - Successfully scraped Fatma Kahraman details. RIP...
2024-10-06 14:42:07,896 - INFO - Connected to scrape Gülsüm Mertoğlu details. RIP...
2024-10-06 14:42:10,017 - INFO - Successfully scraped Gülsüm Mertoğlu details. RIP...
2024-10-06 14:42:18,480 - INFO - Connected to scrape Şükran Eba details. RIP...
2024-10-06 14:42:20,599 - INFO - Successfully scraped Şükran Eba details. RIP...
2024-10-06 14:42:28,929 - INFO - Connected to scrape Leyla Erat details. RIP...
2024-10-06 14:42:31,058 - INFO - Successfully scraped Leyla Erat details. RIP...
2024-10-06 14:42:39,126 - INFO - Connected to scrape Fatma Nur Bezen details. RIP...
2024-10-06 14:42:41,255 - INFO - Successfully scraped Fatma Nur Bezen details. RIP...
2024-10-06 14:42:49,296 - INFO - Connected to scrape Seher Aktekin details. RIP...
2024-10-06 14:42:51,404 - INFO - Successfully scraped Seher Aktekin details. RIP...
2024-10-06 14:42:59,447 - INFO - Connected to scrape Aylin Ekşi details. RIP...
2024-10-06 14:43:01,574 - INFO - Successfully scraped Aylin Ekşi details. RIP...
2024-10-06 14:43:09,606 - INFO - Connected to scrape Merve Şahin details. RIP...
2024-10-06 14:43:11,719 - INFO - Successfully scraped Merve Şahin details. RIP...
2024-10-06 14:43:19,526 - INFO - Connected to scrape Hacer Çağla Çetinalp details. RIP...
2024-10-06 14:43:21,655 - INFO - Successfully scraped Hacer Çağla Çetinalp details. RIP...
2024-10-06 14:43:29,955 - INFO - Connected to scrape Victoria Vera Blyth details. RIP...
2024-10-06 14:43:32,069 - INFO - Successfully scraped Victoria Vera Blyth details. RIP...
2024-10-06 14:43:40,145 - INFO - Connected to scrape Merve Karabaş details. RIP...
2024-10-06 14:43:42,255 - INFO - Successfully scraped Merve Karabaş details. RIP...
2024-10-06 14:43:44,281 - ERROR - An error occurred: Message: stale element reference: stale element not found
  (Session info: chrome=129.0.6668.90); For documentation on this error, please visit: https://www.selenium.dev/documentation/webdriver/troubleshooting/errors#stale-element-reference-exception
Stacktrace:
	GetHandleVerifier [0x00007FF75822B645+29573]
	(No symbol) [0x00007FF7581A0470]
	(No symbol) [0x00007FF75805B6EA]
	(No symbol) [0x00007FF75806E1BB]
	(No symbol) [0x00007FF758062F14]
	(No symbol) [0x00007FF758060D94]
	(No symbol) [0x00007FF758064637]
	(No symbol) [0x00007FF7580646F0]
	(No symbol) [0x00007FF7580AF38F]
	(No symbol) [0x00007FF7580AFA6C]
	(No symbol) [0x00007FF7580A312C]
	(No symbol) [0x00007FF7580D733F]
	(No symbol) [0x00007FF7580A2FF6]
	(No symbol) [0x00007FF7580D7510]
	(No symbol) [0x00007FF7580F86BC]
	(No symbol) [0x00007FF7580D70A3]
	(No symbol) [0x00007FF7580A12DF]
	(No symbol) [0x00007FF7580A2441]
	GetHandleVerifier [0x00007FF75855C58D+3375821]
	GetHandleVerifier [0x00007FF7585A7987+3684039]
	GetHandleVerifier [0x00007FF75859CDAB+3640043]
	GetHandleVerifier [0x00007FF7582EB7C6+816390]
	(No symbol) [0x00007FF7581AB77F]
	(No symbol) [0x00007FF7581A75A4]
	(No symbol) [0x00007FF7581A7740]
	(No symbol) [0x00007FF75819659F]
	BaseThreadInitThunk [0x00007FFAA2887374+20]
	RtlUserThreadStart [0x00007FFAA3FBCC91+33]

