2024-10-06 08:42:19,438 - INFO - Connected to https://anitsayac.com/
2024-10-06 08:42:41,249 - INFO - Scraped all individuals listed in the website. Total: 4935
2024-10-06 08:42:44,689 - INFO - Connected to scrape Ayşenur Halil details. RIP...
2024-10-06 08:42:46,808 - INFO - Successfully scraped Ayşenur Halil details. RIP...
2024-10-06 08:42:54,332 - INFO - Connected to scrape İkbal Uzuner details. RIP...
2024-10-06 08:42:56,484 - INFO - Successfully scraped İkbal Uzuner details. RIP...
2024-10-06 08:43:03,904 - INFO - Connected to scrape Zehra Gün details. RIP...
2024-10-06 08:43:06,026 - INFO - Successfully scraped Zehra Gün details. RIP...
2024-10-06 08:43:13,529 - INFO - Connected to scrape Gülfer Öter details. RIP...
2024-10-06 08:43:15,642 - INFO - Successfully scraped Gülfer Öter details. RIP...
2024-10-06 08:43:23,188 - INFO - Connected to scrape Sibel Aygan details. RIP...
2024-10-06 08:43:25,410 - INFO - Successfully scraped Sibel Aygan details. RIP...
2024-10-06 08:43:32,851 - INFO - Connected to scrape Hazal Gencer details. RIP...
2024-10-06 08:43:34,981 - INFO - Successfully scraped Hazal Gencer details. RIP...
2024-10-06 08:43:42,545 - INFO - Connected to scrape Özge Hançer Girgiç details. RIP...
2024-10-06 08:43:44,667 - INFO - Successfully scraped Özge Hançer Girgiç details. RIP...
2024-10-06 08:43:52,616 - INFO - Connected to scrape Esin Karabıyık details. RIP...
2024-10-06 08:43:54,751 - INFO - Successfully scraped Esin Karabıyık details. RIP...
2024-10-06 08:44:02,536 - INFO - Connected to scrape Devrim Emir details. RIP...
2024-10-06 08:44:04,669 - INFO - Successfully scraped Devrim Emir details. RIP...
2024-10-06 08:44:12,775 - INFO - Connected to scrape Ebru Öcal details. RIP...
2024-10-06 08:44:14,892 - INFO - Successfully scraped Ebru Öcal details. RIP...
2024-10-06 08:44:23,012 - INFO - Connected to scrape Selda Eller details. RIP...
2024-10-06 08:44:25,124 - INFO - Successfully scraped Selda Eller details. RIP...
2024-10-06 08:44:34,460 - INFO - Connected to scrape Ruhan Akkaya details. RIP...
2024-10-06 08:44:36,599 - INFO - Successfully scraped Ruhan Akkaya details. RIP...
2024-10-06 08:44:44,569 - INFO - Connected to scrape Fadimana Ok details. RIP...
2024-10-06 08:44:46,675 - INFO - Successfully scraped Fadimana Ok details. RIP...
2024-10-06 08:44:54,790 - INFO - Connected to scrape İsmi Bilinmiyor details. RIP...
2024-10-06 08:44:56,903 - INFO - Successfully scraped İsmi Bilinmiyor details. RIP...
2024-10-06 08:45:05,045 - INFO - Connected to scrape Aysel Yıldız details. RIP...
2024-10-06 08:45:07,172 - INFO - Successfully scraped Aysel Yıldız details. RIP...
2024-10-06 08:45:14,626 - INFO - Connected to scrape Zebiniso Dayıyavora details. RIP...
2024-10-06 08:45:16,755 - INFO - Successfully scraped Zebiniso Dayıyavora details. RIP...
2024-10-06 08:45:24,800 - INFO - Connected to scrape Döne Bozdemir details. RIP...
2024-10-06 08:45:27,059 - INFO - Successfully scraped Döne Bozdemir details. RIP...
2024-10-06 08:45:35,220 - INFO - Connected to scrape Çiğdem Eskidemirci details. RIP...
2024-10-06 08:45:37,349 - INFO - Successfully scraped Çiğdem Eskidemirci details. RIP...
2024-10-06 08:45:46,367 - INFO - Connected to scrape Fadim Temirhanoğulları details. RIP...
2024-10-06 08:45:48,503 - INFO - Successfully scraped Fadim Temirhanoğulları details. RIP...
2024-10-06 08:45:56,413 - INFO - Connected to scrape Maıa A. details. RIP...
2024-10-06 08:45:58,571 - INFO - Successfully scraped Maıa A. details. RIP...
2024-10-06 08:46:06,813 - INFO - Connected to scrape Elif Ceren Arslan details. RIP...
2024-10-06 08:46:08,943 - INFO - Successfully scraped Elif Ceren Arslan details. RIP...
2024-10-06 08:46:17,319 - INFO - Connected to scrape Hamiyet Çetin Görmezer details. RIP...
2024-10-06 08:46:19,479 - INFO - Successfully scraped Hamiyet Çetin Görmezer details. RIP...
2024-10-06 08:46:28,276 - INFO - Connected to scrape Narin Güran details. RIP...
2024-10-06 08:46:30,420 - INFO - Successfully scraped Narin Güran details. RIP...
2024-10-06 08:46:38,610 - INFO - Connected to scrape Feriye Gözüala details. RIP...
2024-10-06 08:46:40,753 - INFO - Successfully scraped Feriye Gözüala details. RIP...
2024-10-06 08:46:49,182 - INFO - Connected to scrape Hatice Gül details. RIP...
2024-10-06 08:46:51,308 - INFO - Successfully scraped Hatice Gül details. RIP...
2024-10-06 08:46:59,616 - INFO - Connected to scrape Gülizar Çolak details. RIP...
2024-10-06 08:47:01,754 - INFO - Successfully scraped Gülizar Çolak details. RIP...
2024-10-06 08:47:10,238 - INFO - Connected to scrape Tuğba Koç details. RIP...
2024-10-06 08:47:12,399 - INFO - Successfully scraped Tuğba Koç details. RIP...
2024-10-06 08:47:20,404 - INFO - Connected to scrape Ayşe Dürüst details. RIP...
2024-10-06 08:47:22,515 - INFO - Successfully scraped Ayşe Dürüst details. RIP...
2024-10-06 08:47:30,556 - INFO - Connected to scrape Ebru Duvar details. RIP...
2024-10-06 08:47:32,686 - INFO - Successfully scraped Ebru Duvar details. RIP...
2024-10-06 08:47:40,921 - INFO - Connected to scrape Emine Sezer details. RIP...
2024-10-06 08:47:43,059 - INFO - Successfully scraped Emine Sezer details. RIP...
2024-10-06 08:47:51,578 - INFO - Connected to scrape Cemre Şİmşek details. RIP...
2024-10-06 08:47:53,712 - INFO - Successfully scraped Cemre Şİmşek details. RIP...
2024-10-06 08:48:02,180 - INFO - Connected to scrape Nira Şimşek details. RIP...
2024-10-06 08:48:04,304 - INFO - Successfully scraped Nira Şimşek details. RIP...
2024-10-06 08:48:12,866 - INFO - Connected to scrape Ceylin Şimşek details. RIP...
2024-10-06 08:48:14,986 - INFO - Successfully scraped Ceylin Şimşek details. RIP...
2024-10-06 08:48:22,941 - INFO - Connected to scrape Senem Kıvrık details. RIP...
2024-10-06 08:48:25,065 - INFO - Successfully scraped Senem Kıvrık details. RIP...
2024-10-06 08:48:33,089 - INFO - Connected to scrape Derya Demir details. RIP...
2024-10-06 08:48:35,227 - INFO - Successfully scraped Derya Demir details. RIP...
2024-10-06 08:48:43,530 - INFO - Connected to scrape Eylem Sevilen details. RIP...
2024-10-06 08:48:45,641 - INFO - Successfully scraped Eylem Sevilen details. RIP...
2024-10-06 08:48:53,384 - INFO - Connected to scrape Elif Dim details. RIP...
2024-10-06 08:48:55,512 - INFO - Successfully scraped Elif Dim details. RIP...
2024-10-06 08:49:05,092 - INFO - Connected to scrape Gülizar Çolak details. RIP...
2024-10-06 08:49:07,239 - INFO - Successfully scraped Gülizar Çolak details. RIP...
2024-10-06 08:49:15,079 - INFO - Connected to scrape Gülizar Altuntaş details. RIP...
2024-10-06 08:49:17,235 - INFO - Successfully scraped Gülizar Altuntaş details. RIP...
2024-10-06 08:49:25,673 - INFO - Connected to scrape Elif Durmaz details. RIP...
2024-10-06 08:49:27,800 - INFO - Successfully scraped Elif Durmaz details. RIP...
2024-10-06 08:49:35,954 - INFO - Connected to scrape A.Ö. details. RIP...
2024-10-06 08:49:38,104 - INFO - Successfully scraped A.Ö. details. RIP...
2024-10-06 08:49:46,060 - INFO - Connected to scrape Nuhbe Yılmaz details. RIP...
2024-10-06 08:49:48,189 - INFO - Successfully scraped Nuhbe Yılmaz details. RIP...
2024-10-06 08:49:56,214 - INFO - Connected to scrape Sezen Sarısaray details. RIP...
2024-10-06 08:49:58,318 - INFO - Successfully scraped Sezen Sarısaray details. RIP...
2024-10-06 08:50:06,196 - INFO - Connected to scrape Duru Pakarda details. RIP...
2024-10-06 08:50:08,374 - INFO - Successfully scraped Duru Pakarda details. RIP...
2024-10-06 08:50:16,164 - INFO - Connected to scrape Öznur Akkaya details. RIP...
2024-10-06 08:50:18,283 - INFO - Successfully scraped Öznur Akkaya details. RIP...
2024-10-06 08:50:26,408 - INFO - Connected to scrape Zülbiye Bahadır details. RIP...
2024-10-06 08:50:28,599 - INFO - Successfully scraped Zülbiye Bahadır details. RIP...
2024-10-06 08:50:36,989 - INFO - Connected to scrape Sinem Çinğiloğlu details. RIP...
2024-10-06 08:50:39,123 - INFO - Successfully scraped Sinem Çinğiloğlu details. RIP...
2024-10-06 08:50:47,328 - INFO - Connected to scrape Kıymet Çetinkaya details. RIP...
2024-10-06 08:50:49,501 - INFO - Successfully scraped Kıymet Çetinkaya details. RIP...
2024-10-06 08:50:57,600 - INFO - Connected to scrape Sedef Çınar details. RIP...
2024-10-06 08:50:59,721 - INFO - Successfully scraped Sedef Çınar details. RIP...
2024-10-06 08:51:08,110 - INFO - Connected to scrape Serpil Gül details. RIP...
2024-10-06 08:51:10,224 - INFO - Successfully scraped Serpil Gül details. RIP...
2024-10-06 08:51:18,247 - INFO - Connected to scrape Hilmiye Tuğba Esgin details. RIP...
2024-10-06 08:51:20,365 - INFO - Successfully scraped Hilmiye Tuğba Esgin details. RIP...
2024-10-06 08:51:28,304 - INFO - Connected to scrape Vesile Akgün details. RIP...
2024-10-06 08:51:30,439 - INFO - Successfully scraped Vesile Akgün details. RIP...
2024-10-06 08:51:38,603 - INFO - Connected to scrape Arife Öz details. RIP...
2024-10-06 08:51:40,722 - INFO - Successfully scraped Arife Öz details. RIP...
2024-10-06 08:51:48,709 - INFO - Connected to scrape Fatma Demir details. RIP...
2024-10-06 08:51:50,852 - INFO - Successfully scraped Fatma Demir details. RIP...
2024-10-06 08:51:58,460 - INFO - Connected to scrape Sultan Tosun details. RIP...
2024-10-06 08:52:00,594 - INFO - Successfully scraped Sultan Tosun details. RIP...
2024-10-06 08:52:08,047 - INFO - Connected to scrape S.K. details. RIP...
2024-10-06 08:52:10,159 - INFO - Successfully scraped S.K. details. RIP...
2024-10-06 08:52:17,553 - INFO - Connected to scrape Leyla Çetiner details. RIP...
2024-10-06 08:52:19,640 - INFO - Successfully scraped Leyla Çetiner details. RIP...
2024-10-06 08:52:27,074 - INFO - Connected to scrape Müge Elbeli details. RIP...
2024-10-06 08:52:29,180 - INFO - Successfully scraped Müge Elbeli details. RIP...
2024-10-06 08:52:36,553 - INFO - Connected to scrape Aynur Çilli details. RIP...
2024-10-06 08:52:38,696 - INFO - Successfully scraped Aynur Çilli details. RIP...
2024-10-06 08:52:46,849 - INFO - Connected to scrape Hanife Y. details. RIP...
2024-10-06 08:52:48,969 - INFO - Successfully scraped Hanife Y. details. RIP...
2024-10-06 08:52:56,902 - INFO - Connected to scrape Nuray Dabaz details. RIP...
2024-10-06 08:52:59,007 - INFO - Successfully scraped Nuray Dabaz details. RIP...
2024-10-06 08:53:07,138 - INFO - Connected to scrape Gülhan Baytok details. RIP...
2024-10-06 08:53:09,278 - INFO - Successfully scraped Gülhan Baytok details. RIP...
2024-10-06 08:53:17,436 - INFO - Connected to scrape Sözen Tutci details. RIP...
2024-10-06 08:53:19,549 - INFO - Successfully scraped Sözen Tutci details. RIP...
2024-10-06 08:53:27,660 - INFO - Connected to scrape Nurten Yapıcıoğlu details. RIP...
2024-10-06 08:53:29,782 - INFO - Successfully scraped Nurten Yapıcıoğlu details. RIP...
2024-10-06 08:53:38,031 - INFO - Connected to scrape Cansu Tarak details. RIP...
2024-10-06 08:53:40,150 - INFO - Successfully scraped Cansu Tarak details. RIP...
2024-10-06 08:53:48,201 - INFO - Connected to scrape Fatma Ö. details. RIP...
2024-10-06 08:53:50,330 - INFO - Successfully scraped Fatma Ö. details. RIP...
2024-10-06 08:53:58,765 - INFO - Connected to scrape Elif Avcı details. RIP...
2024-10-06 08:54:00,909 - INFO - Successfully scraped Elif Avcı details. RIP...
2024-10-06 08:54:08,757 - INFO - Connected to scrape Saliha K. details. RIP...
2024-10-06 08:54:10,879 - INFO - Successfully scraped Saliha K. details. RIP...
2024-10-06 08:54:19,479 - INFO - Connected to scrape Esma Biçer details. RIP...
2024-10-06 08:54:21,598 - INFO - Successfully scraped Esma Biçer details. RIP...
2024-10-06 08:54:29,731 - INFO - Connected to scrape Erva Raziye Asar details. RIP...
2024-10-06 08:54:31,865 - INFO - Successfully scraped Erva Raziye Asar details. RIP...
2024-10-06 08:54:40,634 - INFO - Connected to scrape Merve K. details. RIP...
2024-10-06 08:54:42,767 - INFO - Successfully scraped Merve K. details. RIP...
2024-10-06 08:54:51,032 - INFO - Connected to scrape Seher İşler details. RIP...
2024-10-06 08:54:53,179 - INFO - Successfully scraped Seher İşler details. RIP...
2024-10-06 08:55:01,269 - INFO - Connected to scrape Songül Budak details. RIP...
2024-10-06 08:55:03,388 - INFO - Successfully scraped Songül Budak details. RIP...
2024-10-06 08:55:11,045 - INFO - Connected to scrape Cansu Aslan details. RIP...
2024-10-06 08:55:13,162 - INFO - Successfully scraped Cansu Aslan details. RIP...
2024-10-06 08:55:21,072 - INFO - Connected to scrape Rukiye Yıldırım details. RIP...
2024-10-06 08:55:23,203 - INFO - Successfully scraped Rukiye Yıldırım details. RIP...
2024-10-06 08:55:31,131 - INFO - Connected to scrape Safiye Bıçak details. RIP...
2024-10-06 08:55:33,273 - INFO - Successfully scraped Safiye Bıçak details. RIP...
2024-10-06 08:55:41,280 - INFO - Connected to scrape Doğa Keklik details. RIP...
2024-10-06 08:55:43,409 - INFO - Successfully scraped Doğa Keklik details. RIP...
2024-10-06 08:55:50,896 - INFO - Connected to scrape İklim Altınsoy details. RIP...
2024-10-06 08:55:53,018 - INFO - Successfully scraped İklim Altınsoy details. RIP...
2024-10-06 08:56:01,130 - INFO - Connected to scrape Pera Balabıyık details. RIP...
2024-10-06 08:56:03,253 - INFO - Successfully scraped Pera Balabıyık details. RIP...
2024-10-06 08:56:11,226 - INFO - Connected to scrape Sevgi Koçer details. RIP...
2024-10-06 08:56:13,349 - INFO - Successfully scraped Sevgi Koçer details. RIP...
2024-10-06 08:56:21,473 - INFO - Connected to scrape Yüsra Binnaz Çimtay details. RIP...
2024-10-06 08:56:23,603 - INFO - Successfully scraped Yüsra Binnaz Çimtay details. RIP...
2024-10-06 08:56:31,706 - INFO - Connected to scrape Hatice Usalan details. RIP...
2024-10-06 08:56:33,826 - INFO - Successfully scraped Hatice Usalan details. RIP...
2024-10-06 08:56:41,950 - INFO - Connected to scrape Hatice Çelik details. RIP...
2024-10-06 08:56:44,095 - INFO - Successfully scraped Hatice Çelik details. RIP...
2024-10-06 08:56:52,099 - INFO - Connected to scrape Selen Akpolat details. RIP...
2024-10-06 08:56:54,224 - INFO - Successfully scraped Selen Akpolat details. RIP...
2024-10-06 08:57:02,154 - INFO - Connected to scrape Nurcan Tekdemir details. RIP...
2024-10-06 08:57:04,285 - INFO - Successfully scraped Nurcan Tekdemir details. RIP...
2024-10-06 08:57:12,656 - INFO - Connected to scrape Ümmü Döğer details. RIP...
2024-10-06 08:57:14,797 - INFO - Successfully scraped Ümmü Döğer details. RIP...
2024-10-06 08:57:23,030 - INFO - Connected to scrape Semiha Türk details. RIP...
2024-10-06 08:57:25,164 - INFO - Successfully scraped Semiha Türk details. RIP...
2024-10-06 08:57:33,427 - INFO - Connected to scrape Gizem Nazife Türk details. RIP...
2024-10-06 08:57:35,579 - INFO - Successfully scraped Gizem Nazife Türk details. RIP...
2024-10-06 08:57:43,764 - INFO - Connected to scrape Hilal Kar details. RIP...
2024-10-06 08:57:45,887 - INFO - Successfully scraped Hilal Kar details. RIP...
2024-10-06 08:57:54,017 - INFO - Connected to scrape Fatma Kahraman details. RIP...
2024-10-06 08:57:56,146 - INFO - Successfully scraped Fatma Kahraman details. RIP...
2024-10-06 08:58:04,196 - INFO - Connected to scrape Gülsüm Mertoğlu details. RIP...
2024-10-06 08:58:06,328 - INFO - Successfully scraped Gülsüm Mertoğlu details. RIP...
2024-10-06 08:58:14,741 - INFO - Connected to scrape Şükran Eba details. RIP...
2024-10-06 08:58:16,864 - INFO - Successfully scraped Şükran Eba details. RIP...
2024-10-06 08:58:25,355 - INFO - Connected to scrape Leyla Erat details. RIP...
2024-10-06 08:58:27,460 - INFO - Successfully scraped Leyla Erat details. RIP...
2024-10-06 08:58:35,471 - INFO - Connected to scrape Fatma Nur Bezen details. RIP...
2024-10-06 08:58:37,583 - INFO - Successfully scraped Fatma Nur Bezen details. RIP...
2024-10-06 08:58:45,672 - INFO - Connected to scrape Seher Aktekin details. RIP...
2024-10-06 08:58:47,802 - INFO - Successfully scraped Seher Aktekin details. RIP...
2024-10-06 08:58:55,514 - INFO - Connected to scrape Aylin Ekşi details. RIP...
2024-10-06 08:58:57,660 - INFO - Successfully scraped Aylin Ekşi details. RIP...
2024-10-06 08:59:06,101 - INFO - Connected to scrape Merve Şahin details. RIP...
2024-10-06 08:59:08,221 - INFO - Successfully scraped Merve Şahin details. RIP...
2024-10-06 08:59:16,518 - INFO - Connected to scrape Hacer Çağla Çetinalp details. RIP...
2024-10-06 08:59:18,655 - INFO - Successfully scraped Hacer Çağla Çetinalp details. RIP...
2024-10-06 08:59:26,738 - INFO - Connected to scrape Victoria Vera Blyth details. RIP...
2024-10-06 08:59:28,916 - INFO - Successfully scraped Victoria Vera Blyth details. RIP...
2024-10-06 08:59:37,318 - INFO - Connected to scrape Merve Karabaş details. RIP...
2024-10-06 08:59:39,481 - INFO - Successfully scraped Merve Karabaş details. RIP...
2024-10-06 08:59:47,862 - INFO - Connected to scrape Semiha Koca details. RIP...
2024-10-06 08:59:50,007 - INFO - Successfully scraped Semiha Koca details. RIP...
2024-10-06 08:59:58,134 - INFO - Connected to scrape Hilal Nur Koca details. RIP...
2024-10-06 09:00:00,246 - INFO - Successfully scraped Hilal Nur Koca details. RIP...
2024-10-06 09:00:08,363 - INFO - Connected to scrape Lale Polat details. RIP...
2024-10-06 09:00:10,470 - INFO - Successfully scraped Lale Polat details. RIP...
2024-10-06 09:00:18,212 - INFO - Connected to scrape Gülşen Çalışkan details. RIP...
2024-10-06 09:00:20,315 - INFO - Successfully scraped Gülşen Çalışkan details. RIP...
2024-10-06 09:00:28,437 - INFO - Connected to scrape Sedef Güler details. RIP...
2024-10-06 09:00:30,564 - INFO - Successfully scraped Sedef Güler details. RIP...
2024-10-06 09:00:38,638 - INFO - Connected to scrape Saniye Arslan details. RIP...
2024-10-06 09:00:40,754 - INFO - Successfully scraped Saniye Arslan details. RIP...
2024-10-06 09:00:49,199 - INFO - Connected to scrape Hediye Kocatürk details. RIP...
2024-10-06 09:00:51,375 - INFO - Successfully scraped Hediye Kocatürk details. RIP...
2024-10-06 09:00:59,381 - INFO - Connected to scrape Nur El Süleyman details. RIP...
2024-10-06 09:01:01,519 - INFO - Successfully scraped Nur El Süleyman details. RIP...
2024-10-06 09:01:09,935 - INFO - Connected to scrape Esma Şimşek details. RIP...
2024-10-06 09:01:12,082 - INFO - Successfully scraped Esma Şimşek details. RIP...
2024-10-06 09:01:19,707 - INFO - Connected to scrape Şule Özlem Ural details. RIP...
2024-10-06 09:01:21,829 - INFO - Successfully scraped Şule Özlem Ural details. RIP...
2024-10-06 09:01:30,024 - INFO - Connected to scrape Serap Doğan details. RIP...
2024-10-06 09:01:32,158 - INFO - Successfully scraped Serap Doğan details. RIP...
2024-10-06 09:01:40,196 - INFO - Connected to scrape Zeynep Kılıç details. RIP...
2024-10-06 09:01:42,325 - INFO - Successfully scraped Zeynep Kılıç details. RIP...
2024-10-06 09:01:50,659 - INFO - Connected to scrape Aslı Kılıç details. RIP...
2024-10-06 09:01:52,795 - INFO - Successfully scraped Aslı Kılıç details. RIP...
2024-10-06 09:02:00,958 - INFO - Connected to scrape Sevilay Yılmaz details. RIP...
2024-10-06 09:02:03,082 - INFO - Successfully scraped Sevilay Yılmaz details. RIP...
2024-10-06 09:02:10,836 - INFO - Connected to scrape İsmi Bilinmiyor details. RIP...
2024-10-06 09:02:12,980 - INFO - Successfully scraped İsmi Bilinmiyor details. RIP...
2024-10-06 09:02:21,083 - INFO - Connected to scrape Ceylan Demir details. RIP...
2024-10-06 09:02:23,201 - INFO - Successfully scraped Ceylan Demir details. RIP...
2024-10-06 09:02:25,207 - ERROR - An error occurred: Message: stale element reference: stale element not found
  (Session info: chrome=129.0.6668.90); For documentation on this error, please visit: https://www.selenium.dev/documentation/webdriver/troubleshooting/errors#stale-element-reference-exception
Stacktrace:
	GetHandleVerifier [0x00007FF75822B645+29573]
	(No symbol) [0x00007FF7581A0470]
	(No symbol) [0x00007FF75805B6EA]
	(No symbol) [0x00007FF75806E1BB]
	(No symbol) [0x00007FF758062F14]
	(No symbol) [0x00007FF758060D94]
	(No symbol) [0x00007FF758064637]
	(No symbol) [0x00007FF7580646F0]
	(No symbol) [0x00007FF7580AF38F]
	(No symbol) [0x00007FF7580AFA6C]
	(No symbol) [0x00007FF7580A312C]
	(No symbol) [0x00007FF7580D733F]
	(No symbol) [0x00007FF7580A2FF6]
	(No symbol) [0x00007FF7580D7510]
	(No symbol) [0x00007FF7580F86BC]
	(No symbol) [0x00007FF7580D70A3]
	(No symbol) [0x00007FF7580A12DF]
	(No symbol) [0x00007FF7580A2441]
	GetHandleVerifier [0x00007FF75855C58D+3375821]
	GetHandleVerifier [0x00007FF7585A7987+3684039]
	GetHandleVerifier [0x00007FF75859CDAB+3640043]
	GetHandleVerifier [0x00007FF7582EB7C6+816390]
	(No symbol) [0x00007FF7581AB77F]
	(No symbol) [0x00007FF7581A75A4]
	(No symbol) [0x00007FF7581A7740]
	(No symbol) [0x00007FF75819659F]
	BaseThreadInitThunk [0x00007FFAA2887374+20]
	RtlUserThreadStart [0x00007FFAA3FBCC91+33]

